2025-02-24 13:28:09,828 : kivy : deps: Successfully imported "kivy_deps.gstreamer" 0.3.3
2025-02-24 13:28:09,828 : kivy : deps: Successfully imported "kivy_deps.angle" 0.3.3
2025-02-24 13:28:09,829 : kivy : deps: Successfully imported "kivy_deps.glew" 0.3.1
2025-02-24 13:28:09,829 : kivy : deps: Successfully imported "kivy_deps.sdl2" 0.6.0
2025-02-24 13:28:09,829 : kivy : Kivy: v2.2.1
2025-02-24 13:28:09,829 : kivy : Kivy: Installed at "C:\Users\duffb\.pyenv\pyenv-win\versions\3.11.0\Lib\site-packages\kivy\__init__.py"
2025-02-24 13:28:09,829 : kivy : Python: v3.11.0 (main, Oct 24 2022, 18:26:48) [MSC v.1933 64 bit (AMD64)]
2025-02-24 13:28:09,831 : kivy : Python: Interpreter at "C:\Users\duffb\.pyenv\pyenv-win\versions\3.11.0\python.exe"
2025-02-24 13:28:09,847 : kivy : Factory: 190 symbols loaded
2025-02-24 13:28:09,988 : kivy : ImageLoaderFFPy: Using ffpyplayer 4.5.1
2025-02-24 13:28:09,989 : kivy : Image: Providers: img_tex, img_dds, img_sdl2, img_pil, img_ffpyplayer 
2025-02-24 13:28:10,191 : kivy : VideoGstplayer: Using Gstreamer 1.18.5.0
2025-02-24 13:28:10,206 : kivy : Video: Provider: gstplayer
2025-02-24 13:28:10,235 : root : Loading MPF-MC controller
2025-02-24 13:28:10,238 : YamlMultifileConfigLoader : Machine config file #1: config
2025-02-24 13:28:10,239 : ConfigProcessor : Config file in cache changed: C:\Users\duffb\OneDrive\Documents\Python Envs\PinBallWW1\Machine\config\config
2025-02-24 13:28:10,239 : ConfigProcessor : Loading config from file C:\Users\duffb\.pyenv\pyenv-win\versions\3.11.0\Lib\site-packages\mpfmc\mcconfig.yaml.
2025-02-24 13:28:10,245 : ConfigProcessor : Loading config: C:\Users\duffb\.pyenv\pyenv-win\versions\3.11.0\Lib\site-packages\mpfmc\mcconfig.yaml
2025-02-24 13:28:10,246 : ConfigProcessor : Loading config from file C:\Users\duffb\OneDrive\Documents\Python Envs\PinBallWW1\Machine\config\config.
2025-02-24 13:28:10,248 : ConfigProcessor : Loading config: C:\Users\duffb\OneDrive\Documents\Python Envs\PinBallWW1\Machine\config\config
2025-02-24 13:28:10,250 : ConfigProcessor : Config file cache created: C:\Users\duffb\AppData\Local\Temp\de7a4651692d89380cb727f0a44dc491.mpf_cache
2025-02-24 13:28:10,251 : ConfigProcessor : Loading config from cache: C:\Users\duffb\AppData\Local\Temp\2d51d76727b268a801d8dd7a18b89879.mpf_cache
2025-02-24 13:28:10,251 : ConfigProcessor : Loading config from cache: C:\Users\duffb\AppData\Local\Temp\9f058d482eac17116727d62a93500be7.mpf_cache
2025-02-24 13:28:10,252 : mpfmc : Mission Pinball Framework Media Controller (MPF-MC) v0.57.1. Requires MPF v0.57.0 or newer.
2025-02-24 13:28:10,252 : mpfmc : Found MPF v0.57.0
2025-02-24 13:28:10,253 : mpfmc : Machine path: C:\Users\duffb\OneDrive\Documents\Python Envs\PinBallWW1\Machine
2025-02-24 13:28:10,253 : mpfmc : Starting clock at 60.0Hz
2025-02-24 13:28:10,274 : kivy : Text: Provider: sdl2
2025-02-24 13:28:10,320 : kivy : Window: Provider: sdl2
2025-02-24 13:28:10,507 : kivy : GL: Using the "OpenGL" graphics system
2025-02-24 13:28:10,508 : kivy : GL: GLEW initialization succeeded
2025-02-24 13:28:10,508 : kivy : GL: Backend used <glew>
2025-02-24 13:28:10,508 : kivy : GL: OpenGL version <b'4.6.0 - Build 31.0.101.5592'>
2025-02-24 13:28:10,509 : kivy : GL: OpenGL vendor <b'Intel'>
2025-02-24 13:28:10,509 : kivy : GL: OpenGL renderer <b'Intel(R) UHD Graphics'>
2025-02-24 13:28:10,509 : kivy : GL: OpenGL parsed version: 4, 6
2025-02-24 13:28:10,509 : kivy : GL: Shading version <b'4.60 - Build 31.0.101.5592'>
2025-02-24 13:28:10,509 : kivy : GL: Texture max size <16384>
2025-02-24 13:28:10,509 : kivy : GL: Texture max units <32>
2025-02-24 13:28:10,538 : kivy : Window: auto add sdl2 input provider
2025-02-24 13:28:10,539 : kivy : Window: virtual keyboard not allowed, single mode, not docked
2025-02-24 13:28:10,552 : SoundSystem : SoundSystem: Using default 'sound_system' settings
2025-02-24 13:28:10,999 : AudioInterface : Initialized
2025-02-24 13:28:11,000 : AudioInterface : Loaded SDL 2.26.4
2025-02-24 13:28:11,000 : AudioInterface : Loaded SDL_Mixer 2.6.3
2025-02-24 13:28:11,000 : AudioInterface : Loaded GStreamer 1.18.5.0
2025-02-24 13:28:11,001 : AudioInterface : Loaded GLib 2.62.6
2025-02-24 13:28:11,001 : AudioInterface : Settings requested - rate: 44100, channels: 1, buffer: 2048 samples
2025-02-24 13:28:11,001 : AudioInterface : Settings in use - rate: 44100, channels: 1, buffer: 2048 samples (4096 bytes @ 2 bytes per sample)
2025-02-24 13:28:11,002 : SoundSystem : No audio tracks are specified in your machine config file. a track named 'default' has been created.
2025-02-24 13:28:11,002 : SoundSystem : Setting master volume to 0.0
2025-02-24 13:28:11,002 : AudioInterface : Enabling audio playback
2025-02-24 13:28:11,005 : kivy : Base: Start application main loop
2025-02-24 13:28:11,006 : EventManager : Event: ======'display_window_initialized'====== Args={}
2025-02-24 13:28:11,016 : mpfmc : Display: Setting 'window' as default display
2025-02-24 13:28:11,035 : EventManager : Event: ======'displays_initialized'====== Args={}
2025-02-24 13:28:11,038 : EventManager : Event: ======'slide_window_blank_created'====== Args={}
2025-02-24 13:28:11,039 : EventManager : Event: ======'display_window_ready'====== Args={}
2025-02-24 13:28:11,061 : EventManager : Event: ======'init_phase_1'====== Args={}
2025-02-24 13:28:11,064 : EventManager : Event: ======'mc_ready'====== Args={}
2025-02-24 13:28:11,064 : EventManager : Event: ======'init_phase_2'====== Args={}
2025-02-24 13:28:11,065 : EventManager : Event: ======'init_phase_3'====== Args={}
2025-02-24 13:28:11,065 : EventManager : Event: ======'init_phase_4'====== Args={}
2025-02-24 13:28:11,066 : EventManager : Event: ======'init_phase_5'====== Args={}
2025-02-24 13:28:12,002 : mpfmc : Shutting down due to child thread crash
2025-02-24 13:28:12,002 : mpfmc : Crash details: Traceback (most recent call last):
  File "C:\Users\duffb\.pyenv\pyenv-win\versions\3.11.0\Lib\site-packages\mpfmc\core\assets.py", line 116, in run
    asset.do_load()
  File "C:\Users\duffb\.pyenv\pyenv-win\versions\3.11.0\Lib\site-packages\mpfmc\assets\image.py", line 243, in do_load
    self._image = Image(self.config['file'],
                  ^^^^^^^^^^^^^^^^^^^^^^^^^^
  File "C:\Users\duffb\.pyenv\pyenv-win\versions\3.11.0\Lib\site-packages\kivy\core\image\__init__.py", line 561, in __init__
    self.filename = arg
    ^^^^^^^^^^^^^
  File "C:\Users\duffb\.pyenv\pyenv-win\versions\3.11.0\Lib\site-packages\kivy\core\image\__init__.py", line 754, in _set_filename
    image = ImageLoader.load(
            ^^^^^^^^^^^^^^^^^
  File "C:\Users\duffb\.pyenv\pyenv-win\versions\3.11.0\Lib\site-packages\kivy\core\image\__init__.py", line 454, in load
    ext = imghdr.what(filename) or ext
          ^^^^^^^^^^^^^^^^^^^^^
  File "C:\Users\duffb\.pyenv\pyenv-win\versions\3.11.0\Lib\imghdr.py", line 24, in what
    location = file.tell()
               ^^^^^^^^^
AttributeError: 'NoneType' object has no attribute 'tell'

The above exception was the direct cause of the following exception:

Traceback (most recent call last):
  File "C:\Users\duffb\.pyenv\pyenv-win\versions\3.11.0\Lib\site-packages\mpfmc\core\assets.py", line 118, in run
    raise ConfigFileError(
mpf.exceptions.config_file_error.ConfigFileError: Config File Error in Asset Loader: Error while loading images asset file 'ship.jpg' Context: ship Error Code: CFE-Asset_Loader-1 (https://missionpinball.org/logs)

2025-02-24 13:28:12,005 : mpfmc : Stopping...
2025-02-24 13:28:12,006 : EventManager : Event: ======'shutdown'====== Args={}
2025-02-24 13:28:12,007 : AudioInterface : Disabling audio playback
2025-02-24 13:28:12,117 : mpfmc : Loop rate 68.33 Hz
2025-02-24 13:28:12,118 : kivy : Base: Leaving application in progress...
2025-02-24 13:28:12,123 : mpfmc : Stopping...
2025-02-24 13:28:12,124 : EventManager : Event: ======'shutdown'====== Args={}
2025-02-24 13:28:12,125 : mpfmc : Loop rate 67.81 Hz
2025-02-24 13:28:12,126 : root : MC run loop ended.
2025-02-24 13:28:12,126 : root : Stopping child threads... (0 remaining)
2025-02-24 13:28:12,128 : root : All child threads stopped.
