2025-02-24 13:23:02,880 : kivy : deps: Successfully imported "kivy_deps.gstreamer" 0.3.3
2025-02-24 13:23:02,880 : kivy : deps: Successfully imported "kivy_deps.angle" 0.3.3
2025-02-24 13:23:02,880 : kivy : deps: Successfully imported "kivy_deps.glew" 0.3.1
2025-02-24 13:23:02,880 : kivy : deps: Successfully imported "kivy_deps.sdl2" 0.6.0
2025-02-24 13:23:02,881 : kivy : Kivy: v2.2.1
2025-02-24 13:23:02,881 : kivy : Kivy: Installed at "C:\Users\duffb\.pyenv\pyenv-win\versions\3.11.0\Lib\site-packages\kivy\__init__.py"
2025-02-24 13:23:02,881 : kivy : Python: v3.11.0 (main, Oct 24 2022, 18:26:48) [MSC v.1933 64 bit (AMD64)]
2025-02-24 13:23:02,884 : kivy : Python: Interpreter at "C:\Users\duffb\.pyenv\pyenv-win\versions\3.11.0\python.exe"
2025-02-24 13:23:02,904 : kivy : Factory: 190 symbols loaded
2025-02-24 13:23:03,077 : kivy : ImageLoaderFFPy: Using ffpyplayer 4.5.1
2025-02-24 13:23:03,078 : kivy : Image: Providers: img_tex, img_dds, img_sdl2, img_pil, img_ffpyplayer 
2025-02-24 13:23:03,268 : kivy : VideoGstplayer: Using Gstreamer 1.18.5.0
2025-02-24 13:23:03,279 : kivy : Video: Provider: gstplayer
2025-02-24 13:23:03,311 : root : Loading MPF-MC controller
2025-02-24 13:23:03,329 : YamlMultifileConfigLoader : Machine config file #1: config
2025-02-24 13:23:03,329 : ConfigProcessor : Config file in cache changed: C:\Users\duffb\OneDrive\Documents\Python Envs\PinBallWW1\Machine\config\config
2025-02-24 13:23:03,330 : ConfigProcessor : Loading config from file C:\Users\duffb\.pyenv\pyenv-win\versions\3.11.0\Lib\site-packages\mpfmc\mcconfig.yaml.
2025-02-24 13:23:03,336 : ConfigProcessor : Loading config: C:\Users\duffb\.pyenv\pyenv-win\versions\3.11.0\Lib\site-packages\mpfmc\mcconfig.yaml
2025-02-24 13:23:03,336 : ConfigProcessor : Loading config from file C:\Users\duffb\OneDrive\Documents\Python Envs\PinBallWW1\Machine\config\config.
2025-02-24 13:23:03,357 : ConfigProcessor : Loading config: C:\Users\duffb\OneDrive\Documents\Python Envs\PinBallWW1\Machine\config\config
2025-02-24 13:23:03,359 : ConfigProcessor : Config file cache created: C:\Users\duffb\AppData\Local\Temp\de7a4651692d89380cb727f0a44dc491.mpf_cache
2025-02-24 13:23:03,360 : ConfigProcessor : Loading config from cache: C:\Users\duffb\AppData\Local\Temp\2d51d76727b268a801d8dd7a18b89879.mpf_cache
2025-02-24 13:23:03,406 : ConfigProcessor : Loading config from cache: C:\Users\duffb\AppData\Local\Temp\9f058d482eac17116727d62a93500be7.mpf_cache
2025-02-24 13:23:03,436 : mpfmc : Mission Pinball Framework Media Controller (MPF-MC) v0.57.1. Requires MPF v0.57.0 or newer.
2025-02-24 13:23:03,437 : mpfmc : Found MPF v0.57.0
2025-02-24 13:23:03,438 : mpfmc : Machine path: C:\Users\duffb\OneDrive\Documents\Python Envs\PinBallWW1\Machine
2025-02-24 13:23:03,439 : mpfmc : Starting clock at 60.0Hz
2025-02-24 13:23:03,490 : kivy : Text: Provider: sdl2
2025-02-24 13:23:03,545 : kivy : Window: Provider: sdl2
2025-02-24 13:23:03,750 : kivy : GL: Using the "OpenGL" graphics system
2025-02-24 13:23:03,751 : kivy : GL: GLEW initialization succeeded
2025-02-24 13:23:03,752 : kivy : GL: Backend used <glew>
2025-02-24 13:23:03,752 : kivy : GL: OpenGL version <b'4.6.0 - Build 31.0.101.5592'>
2025-02-24 13:23:03,752 : kivy : GL: OpenGL vendor <b'Intel'>
2025-02-24 13:23:03,752 : kivy : GL: OpenGL renderer <b'Intel(R) UHD Graphics'>
2025-02-24 13:23:03,752 : kivy : GL: OpenGL parsed version: 4, 6
2025-02-24 13:23:03,752 : kivy : GL: Shading version <b'4.60 - Build 31.0.101.5592'>
2025-02-24 13:23:03,752 : kivy : GL: Texture max size <16384>
2025-02-24 13:23:03,753 : kivy : GL: Texture max units <32>
2025-02-24 13:23:03,777 : kivy : Window: auto add sdl2 input provider
2025-02-24 13:23:03,778 : kivy : Window: virtual keyboard not allowed, single mode, not docked
2025-02-24 13:23:03,787 : SoundSystem : SoundSystem: Using default 'sound_system' settings
2025-02-24 13:23:04,270 : AudioInterface : Initialized
2025-02-24 13:23:04,271 : AudioInterface : Loaded SDL 2.26.4
2025-02-24 13:23:04,271 : AudioInterface : Loaded SDL_Mixer 2.6.3
2025-02-24 13:23:04,271 : AudioInterface : Loaded GStreamer 1.18.5.0
2025-02-24 13:23:04,271 : AudioInterface : Loaded GLib 2.62.6
2025-02-24 13:23:04,271 : AudioInterface : Settings requested - rate: 44100, channels: 1, buffer: 2048 samples
2025-02-24 13:23:04,271 : AudioInterface : Settings in use - rate: 44100, channels: 1, buffer: 2048 samples (4096 bytes @ 2 bytes per sample)
2025-02-24 13:23:04,272 : SoundSystem : No audio tracks are specified in your machine config file. a track named 'default' has been created.
2025-02-24 13:23:04,272 : SoundSystem : Setting master volume to 0.0
2025-02-24 13:23:04,272 : AudioInterface : Enabling audio playback
2025-02-24 13:23:04,274 : kivy : Base: Start application main loop
2025-02-24 13:23:04,276 : EventManager : Event: ======'display_window_initialized'====== Args={}
2025-02-24 13:23:04,282 : mpfmc : Display: Setting 'window' as default display
2025-02-24 13:23:04,289 : EventManager : Event: ======'displays_initialized'====== Args={}
2025-02-24 13:23:04,290 : EventManager : Event: ======'slide_window_blank_created'====== Args={}
2025-02-24 13:23:04,291 : EventManager : Event: ======'display_window_ready'====== Args={}
2025-02-24 13:23:04,301 : EventManager : Event: ======'init_phase_1'====== Args={}
2025-02-24 13:23:04,305 : EventManager : Event: ======'mc_ready'====== Args={}
2025-02-24 13:23:04,306 : EventManager : Event: ======'init_phase_2'====== Args={}
2025-02-24 13:23:04,307 : EventManager : Event: ======'init_phase_3'====== Args={}
2025-02-24 13:23:04,307 : EventManager : Event: ======'init_phase_4'====== Args={}
2025-02-24 13:23:04,307 : EventManager : Event: ======'init_phase_5'====== Args={}
2025-02-24 13:23:04,307 : EventManager : Event: ======'init_done'====== Args={}
2025-02-24 13:23:04,308 : MPF-MC BCP Server : Starting up on localhost port 5050
2025-02-24 13:23:04,313 : MPF-MC BCP Server : Waiting for a connection...
2025-02-24 13:23:04,314 : kivy : Base: Leaving application in progress...
2025-02-24 13:23:04,314 : root : Exception while processing RegisteredHandler(callback=<bound method ConfigPlayer.config_play_callback of McConfigPlayer.slides>, priority=0, kwargs={'calling_context': 'init_done', 'mode': None, 'settings': {'slides': {welcome_slide-None-None: {'priority': None, 'target': None, 'background_color': [0.0, 0.0, 0.0, 1.0], 'show': True, 'force': False, 'expire': None, 'slide': None, 'tokens': {}, 'action': 'play', 'transition': None, 'transition_out': None}}}}, key=UUID('380f5692-4615-4071-96e6-636d00af3b7a'), condition=None, blocking_facility=None) for event init_done. Tried to use an image 'ship.jpg' when the initial asset loading run has not yet been completed. Try to use 'init_done' as event to show your slides if you want to use images.
Traceback (most recent call last):
  File "C:\Users\duffb\.pyenv\pyenv-win\versions\3.11.0\Lib\site-packages\mpf\core\events.py", line 751, in _run_handlers
    result = handler.callback(**merged_kwargs)
             ^^^^^^^^^^^^^^^^^^^^^^^^^^^^^^^^^
  File "C:\Users\duffb\.pyenv\pyenv-win\versions\3.11.0\Lib\site-packages\mpf\core\config_player.py", line 349, in config_play_callback
    return self.play(settings=settings, context=context, calling_context=calling_context, priority=priority,
           ^^^^^^^^^^^^^^^^^^^^^^^^^^^^^^^^^^^^^^^^^^^^^^^^^^^^^^^^^^^^^^^^^^^^^^^^^^^^^^^^^^^^^^^^^^^^^^^^^
  File "C:\Users\duffb\.pyenv\pyenv-win\versions\3.11.0\Lib\site-packages\mpfmc\config_players\slide_player.py", line 155, in play
    target.show_slide(slide_name=slide, key=full_context, play_kwargs=s['tokens'], **s)
  File "C:\Users\duffb\.pyenv\pyenv-win\versions\3.11.0\Lib\site-packages\mpfmc\uix\display.py", line 358, in show_slide
    slide = self.add_slide(name=slide_name,
            ^^^^^^^^^^^^^^^^^^^^^^^^^^^^^^^
  File "C:\Users\duffb\.pyenv\pyenv-win\versions\3.11.0\Lib\site-packages\mpfmc\uix\display.py", line 316, in add_slide
    return Slide(mc=self.mc, name=name, target=self.name,
           ^^^^^^^^^^^^^^^^^^^^^^^^^^^^^^^^^^^^^^^^^^^^^^
  File "C:\Users\duffb\.pyenv\pyenv-win\versions\3.11.0\Lib\site-packages\mpfmc\uix\slide.py", line 68, in __init__
    widgets = create_widget_objects_from_config(
              ^^^^^^^^^^^^^^^^^^^^^^^^^^^^^^^^^^
  File "C:\Users\duffb\.pyenv\pyenv-win\versions\3.11.0\Lib\site-packages\mpfmc\uix\widget.py", line 901, in create_widget_objects_from_config
    widget_obj = mc.widgets.type_map[widget['type']](
                 ^^^^^^^^^^^^^^^^^^^^^^^^^^^^^^^^^^^^
  File "C:\Users\duffb\.pyenv\pyenv-win\versions\3.11.0\Lib\site-packages\mpfmc\widgets\image.py", line 47, in __init__
    raise ValueError("Tried to use an image '{}' when the initial asset loading run has not yet been "
ValueError: Tried to use an image 'ship.jpg' when the initial asset loading run has not yet been completed. Try to use 'init_done' as event to show your slides if you want to use images.

The above exception was the direct cause of the following exception:

Traceback (most recent call last):
  File "C:\Users\duffb\.pyenv\pyenv-win\versions\3.11.0\Lib\site-packages\mpfmc\commands\mc.py", line 217, in __init__
    thread_stopper=thread_stopper).run()
                                   ^^^^^
  File "C:\Users\duffb\.pyenv\pyenv-win\versions\3.11.0\Lib\site-packages\kivy\app.py", line 956, in run
    runTouchApp()
  File "C:\Users\duffb\.pyenv\pyenv-win\versions\3.11.0\Lib\site-packages\kivy\base.py", line 574, in runTouchApp
    EventLoop.mainloop()
  File "C:\Users\duffb\.pyenv\pyenv-win\versions\3.11.0\Lib\site-packages\kivy\base.py", line 339, in mainloop
    self.idle()
  File "C:\Users\duffb\.pyenv\pyenv-win\versions\3.11.0\Lib\site-packages\kivy\base.py", line 379, in idle
    Clock.tick()
  File "C:\Users\duffb\.pyenv\pyenv-win\versions\3.11.0\Lib\site-packages\kivy\clock.py", line 733, in tick
    self.post_idle(ts, self.idle())
  File "C:\Users\duffb\.pyenv\pyenv-win\versions\3.11.0\Lib\site-packages\kivy\clock.py", line 776, in post_idle
    self._process_events()
  File "kivy\_clock.pyx", line 620, in kivy._clock.CyClockBase._process_events
  File "kivy\_clock.pyx", line 653, in kivy._clock.CyClockBase._process_events
  File "kivy\_clock.pyx", line 649, in kivy._clock.CyClockBase._process_events
  File "kivy\_clock.pyx", line 218, in kivy._clock.ClockEvent.tick
  File "C:\Users\duffb\.pyenv\pyenv-win\versions\3.11.0\Lib\site-packages\mpfmc\uix\display.py", line 211, in _displays_initialized
    self.mc.displays_initialized()
  File "C:\Users\duffb\.pyenv\pyenv-win\versions\3.11.0\Lib\site-packages\mpfmc\core\mc.py", line 347, in displays_initialized
    self._init()
  File "C:\Users\duffb\.pyenv\pyenv-win\versions\3.11.0\Lib\site-packages\mpfmc\core\mc.py", line 403, in _init
    self.clear_boot_hold('init')
  File "C:\Users\duffb\.pyenv\pyenv-win\versions\3.11.0\Lib\site-packages\mpfmc\core\mc.py", line 309, in clear_boot_hold
    self.init_done()
  File "C:\Users\duffb\.pyenv\pyenv-win\versions\3.11.0\Lib\site-packages\mpfmc\core\mc.py", line 414, in init_done
    self.events.process_event_queue()
  File "C:\Users\duffb\.pyenv\pyenv-win\versions\3.11.0\Lib\site-packages\mpf\core\events.py", line 842, in process_event_queue
    self._process_event(event=event[0],
  File "C:\Users\duffb\.pyenv\pyenv-win\versions\3.11.0\Lib\site-packages\mpf\core\events.py", line 804, in _process_event
    result = self._run_handlers(event, ev_type, kwargs)
             ^^^^^^^^^^^^^^^^^^^^^^^^^^^^^^^^^^^^^^^^^^
  File "C:\Users\duffb\.pyenv\pyenv-win\versions\3.11.0\Lib\site-packages\mpf\core\events.py", line 753, in _run_handlers
    raise EventHandlerException(
mpf.core.events.EventHandlerException: Exception while processing RegisteredHandler(callback=<bound method ConfigPlayer.config_play_callback of McConfigPlayer.slides>, priority=0, kwargs={'calling_context': 'init_done', 'mode': None, 'settings': {'slides': {welcome_slide-None-None: {'priority': None, 'target': None, 'background_color': [0.0, 0.0, 0.0, 1.0], 'show': True, 'force': False, 'expire': None, 'slide': None, 'tokens': {}, 'action': 'play', 'transition': None, 'transition_out': None}}}}, key=UUID('380f5692-4615-4071-96e6-636d00af3b7a'), condition=None, blocking_facility=None) for event init_done. Tried to use an image 'ship.jpg' when the initial asset loading run has not yet been completed. Try to use 'init_done' as event to show your slides if you want to use images.
2025-02-24 13:23:04,321 : root : Stopping child threads... (3 remaining)
2025-02-24 13:23:05,313 : MPF-MC BCP Server : Stopping BCP sending thread
2025-02-24 13:23:05,314 : MPF-MC BCP Server : Stopping BCP listener thread
2025-02-24 13:23:05,328 : root : All child threads stopped.
