2025-02-24 13:27:26,290 : kivy : deps: Successfully imported "kivy_deps.gstreamer" 0.3.3
2025-02-24 13:27:26,290 : kivy : deps: Successfully imported "kivy_deps.angle" 0.3.3
2025-02-24 13:27:26,291 : kivy : deps: Successfully imported "kivy_deps.glew" 0.3.1
2025-02-24 13:27:26,291 : kivy : deps: Successfully imported "kivy_deps.sdl2" 0.6.0
2025-02-24 13:27:26,291 : kivy : Kivy: v2.2.1
2025-02-24 13:27:26,291 : kivy : Kivy: Installed at "C:\Users\duffb\.pyenv\pyenv-win\versions\3.11.0\Lib\site-packages\kivy\__init__.py"
2025-02-24 13:27:26,291 : kivy : Python: v3.11.0 (main, Oct 24 2022, 18:26:48) [MSC v.1933 64 bit (AMD64)]
2025-02-24 13:27:26,293 : kivy : Python: Interpreter at "C:\Users\duffb\.pyenv\pyenv-win\versions\3.11.0\python.exe"
2025-02-24 13:27:26,312 : kivy : Factory: 190 symbols loaded
2025-02-24 13:27:26,474 : kivy : ImageLoaderFFPy: Using ffpyplayer 4.5.1
2025-02-24 13:27:26,474 : kivy : Image: Providers: img_tex, img_dds, img_sdl2, img_pil, img_ffpyplayer 
2025-02-24 13:27:26,653 : kivy : VideoGstplayer: Using Gstreamer 1.18.5.0
2025-02-24 13:27:26,664 : kivy : Video: Provider: gstplayer
2025-02-24 13:27:26,699 : root : Loading MPF-MC controller
2025-02-24 13:27:26,702 : YamlMultifileConfigLoader : Machine config file #1: config
2025-02-24 13:27:26,703 : ConfigProcessor : Config file in cache changed: C:\Users\duffb\OneDrive\Documents\Python Envs\PinBallWW1\Machine\config\config
2025-02-24 13:27:26,703 : ConfigProcessor : Loading config from file C:\Users\duffb\.pyenv\pyenv-win\versions\3.11.0\Lib\site-packages\mpfmc\mcconfig.yaml.
2025-02-24 13:27:26,709 : ConfigProcessor : Loading config: C:\Users\duffb\.pyenv\pyenv-win\versions\3.11.0\Lib\site-packages\mpfmc\mcconfig.yaml
2025-02-24 13:27:26,710 : ConfigProcessor : Loading config from file C:\Users\duffb\OneDrive\Documents\Python Envs\PinBallWW1\Machine\config\config.
2025-02-24 13:27:26,773 : ConfigProcessor : Loading config: C:\Users\duffb\OneDrive\Documents\Python Envs\PinBallWW1\Machine\config\config
2025-02-24 13:27:26,778 : ConfigProcessor : Config file cache created: C:\Users\duffb\AppData\Local\Temp\de7a4651692d89380cb727f0a44dc491.mpf_cache
2025-02-24 13:27:26,783 : ConfigProcessor : Loading config from cache: C:\Users\duffb\AppData\Local\Temp\2d51d76727b268a801d8dd7a18b89879.mpf_cache
2025-02-24 13:27:26,789 : ConfigProcessor : Loading config from cache: C:\Users\duffb\AppData\Local\Temp\9f058d482eac17116727d62a93500be7.mpf_cache
2025-02-24 13:27:26,794 : mpfmc : Mission Pinball Framework Media Controller (MPF-MC) v0.57.1. Requires MPF v0.57.0 or newer.
2025-02-24 13:27:26,795 : mpfmc : Found MPF v0.57.0
2025-02-24 13:27:26,797 : mpfmc : Machine path: C:\Users\duffb\OneDrive\Documents\Python Envs\PinBallWW1\Machine
2025-02-24 13:27:26,798 : mpfmc : Starting clock at 60.0Hz
2025-02-24 13:27:26,860 : kivy : Text: Provider: sdl2
2025-02-24 13:27:26,928 : kivy : Window: Provider: sdl2
2025-02-24 13:27:27,203 : kivy : GL: Using the "OpenGL" graphics system
2025-02-24 13:27:27,205 : kivy : GL: GLEW initialization succeeded
2025-02-24 13:27:27,207 : kivy : GL: Backend used <glew>
2025-02-24 13:27:27,207 : kivy : GL: OpenGL version <b'4.6.0 - Build 31.0.101.5592'>
2025-02-24 13:27:27,207 : kivy : GL: OpenGL vendor <b'Intel'>
2025-02-24 13:27:27,208 : kivy : GL: OpenGL renderer <b'Intel(R) UHD Graphics'>
2025-02-24 13:27:27,208 : kivy : GL: OpenGL parsed version: 4, 6
2025-02-24 13:27:27,208 : kivy : GL: Shading version <b'4.60 - Build 31.0.101.5592'>
2025-02-24 13:27:27,209 : kivy : GL: Texture max size <16384>
2025-02-24 13:27:27,209 : kivy : GL: Texture max units <32>
2025-02-24 13:27:27,240 : kivy : Window: auto add sdl2 input provider
2025-02-24 13:27:27,241 : kivy : Window: virtual keyboard not allowed, single mode, not docked
2025-02-24 13:27:27,256 : SoundSystem : SoundSystem: Using default 'sound_system' settings
2025-02-24 13:27:27,692 : AudioInterface : Initialized
2025-02-24 13:27:27,692 : AudioInterface : Loaded SDL 2.26.4
2025-02-24 13:27:27,693 : AudioInterface : Loaded SDL_Mixer 2.6.3
2025-02-24 13:27:27,693 : AudioInterface : Loaded GStreamer 1.18.5.0
2025-02-24 13:27:27,693 : AudioInterface : Loaded GLib 2.62.6
2025-02-24 13:27:27,693 : AudioInterface : Settings requested - rate: 44100, channels: 1, buffer: 2048 samples
2025-02-24 13:27:27,693 : AudioInterface : Settings in use - rate: 44100, channels: 1, buffer: 2048 samples (4096 bytes @ 2 bytes per sample)
2025-02-24 13:27:27,694 : SoundSystem : No audio tracks are specified in your machine config file. a track named 'default' has been created.
2025-02-24 13:27:27,694 : SoundSystem : Setting master volume to 0.0
2025-02-24 13:27:27,694 : AudioInterface : Enabling audio playback
2025-02-24 13:27:27,696 : kivy : Base: Start application main loop
2025-02-24 13:27:27,696 : EventManager : Event: ======'display_window_initialized'====== Args={}
2025-02-24 13:27:27,706 : mpfmc : Display: Setting 'window' as default display
2025-02-24 13:27:27,714 : EventManager : Event: ======'displays_initialized'====== Args={}
2025-02-24 13:27:27,715 : EventManager : Event: ======'slide_window_blank_created'====== Args={}
2025-02-24 13:27:27,715 : EventManager : Event: ======'display_window_ready'====== Args={}
2025-02-24 13:27:27,725 : EventManager : Event: ======'init_phase_1'====== Args={}
2025-02-24 13:27:27,727 : EventManager : Event: ======'mc_ready'====== Args={}
2025-02-24 13:27:27,728 : EventManager : Event: ======'init_phase_2'====== Args={}
2025-02-24 13:27:27,729 : EventManager : Event: ======'init_phase_3'====== Args={}
2025-02-24 13:27:27,729 : AssetManager : The file associated with the disk-based asset 'ship' declared in the 'images' config section could not be found
2025-02-24 13:27:27,729 : kivy : Base: Leaving application in progress...
2025-02-24 13:27:27,730 : root : Exception while processing RegisteredHandler(callback=<bound method BaseAssetManager._create_assets of <mpfmc.core.assets.ThreadedAssetManager object at 0x00000188BA38F2B0>>, priority=1, kwargs={'force_assets_load': False}, key=UUID('d6272946-7598-45fa-b0bb-abdc6d1a6ff3'), condition=None, blocking_facility=None) for event init_phase_3. The file associated with the disk-based asset 'ship' declared in the 'images' config section could not be found
Traceback (most recent call last):
  File "C:\Users\duffb\.pyenv\pyenv-win\versions\3.11.0\Lib\site-packages\mpf\core\events.py", line 751, in _run_handlers
    result = handler.callback(**merged_kwargs)
             ^^^^^^^^^^^^^^^^^^^^^^^^^^^^^^^^^
  File "C:\Users\duffb\.pyenv\pyenv-win\versions\3.11.0\Lib\site-packages\mpf\core\assets.py", line 203, in _create_assets
    self._create_assets_from_disk(config=self.machine.machine_config)
  File "C:\Users\duffb\.pyenv\pyenv-win\versions\3.11.0\Lib\site-packages\mpf\core\assets.py", line 322, in _create_assets_from_disk
    raise FileNotFoundError(msg)
FileNotFoundError: The file associated with the disk-based asset 'ship' declared in the 'images' config section could not be found

The above exception was the direct cause of the following exception:

Traceback (most recent call last):
  File "C:\Users\duffb\.pyenv\pyenv-win\versions\3.11.0\Lib\site-packages\mpfmc\commands\mc.py", line 217, in __init__
    thread_stopper=thread_stopper).run()
                                   ^^^^^
  File "C:\Users\duffb\.pyenv\pyenv-win\versions\3.11.0\Lib\site-packages\kivy\app.py", line 956, in run
    runTouchApp()
  File "C:\Users\duffb\.pyenv\pyenv-win\versions\3.11.0\Lib\site-packages\kivy\base.py", line 574, in runTouchApp
    EventLoop.mainloop()
  File "C:\Users\duffb\.pyenv\pyenv-win\versions\3.11.0\Lib\site-packages\kivy\base.py", line 339, in mainloop
    self.idle()
  File "C:\Users\duffb\.pyenv\pyenv-win\versions\3.11.0\Lib\site-packages\kivy\base.py", line 379, in idle
    Clock.tick()
  File "C:\Users\duffb\.pyenv\pyenv-win\versions\3.11.0\Lib\site-packages\kivy\clock.py", line 733, in tick
    self.post_idle(ts, self.idle())
  File "C:\Users\duffb\.pyenv\pyenv-win\versions\3.11.0\Lib\site-packages\kivy\clock.py", line 776, in post_idle
    self._process_events()
  File "kivy\_clock.pyx", line 620, in kivy._clock.CyClockBase._process_events
  File "kivy\_clock.pyx", line 653, in kivy._clock.CyClockBase._process_events
  File "kivy\_clock.pyx", line 649, in kivy._clock.CyClockBase._process_events
  File "kivy\_clock.pyx", line 218, in kivy._clock.ClockEvent.tick
  File "C:\Users\duffb\.pyenv\pyenv-win\versions\3.11.0\Lib\site-packages\mpfmc\uix\display.py", line 211, in _displays_initialized
    self.mc.displays_initialized()
  File "C:\Users\duffb\.pyenv\pyenv-win\versions\3.11.0\Lib\site-packages\mpfmc\core\mc.py", line 347, in displays_initialized
    self._init()
  File "C:\Users\duffb\.pyenv\pyenv-win\versions\3.11.0\Lib\site-packages\mpfmc\core\mc.py", line 395, in _init
    self.events.process_event_queue()
  File "C:\Users\duffb\.pyenv\pyenv-win\versions\3.11.0\Lib\site-packages\mpf\core\events.py", line 842, in process_event_queue
    self._process_event(event=event[0],
  File "C:\Users\duffb\.pyenv\pyenv-win\versions\3.11.0\Lib\site-packages\mpf\core\events.py", line 804, in _process_event
    result = self._run_handlers(event, ev_type, kwargs)
             ^^^^^^^^^^^^^^^^^^^^^^^^^^^^^^^^^^^^^^^^^^
  File "C:\Users\duffb\.pyenv\pyenv-win\versions\3.11.0\Lib\site-packages\mpf\core\events.py", line 753, in _run_handlers
    raise EventHandlerException(
mpf.core.events.EventHandlerException: Exception while processing RegisteredHandler(callback=<bound method BaseAssetManager._create_assets of <mpfmc.core.assets.ThreadedAssetManager object at 0x00000188BA38F2B0>>, priority=1, kwargs={'force_assets_load': False}, key=UUID('d6272946-7598-45fa-b0bb-abdc6d1a6ff3'), condition=None, blocking_facility=None) for event init_phase_3. The file associated with the disk-based asset 'ship' declared in the 'images' config section could not be found
2025-02-24 13:27:27,735 : root : Stopping child threads... (1 remaining)
2025-02-24 13:27:28,743 : root : All child threads stopped.
