2025-03-06 21:32:00,184 : INFO : root : Loading config.
2025-03-06 21:32:00,188 : INFO : YamlMultifileConfigLoader : Machine config file #1: config.yaml
2025-03-06 21:32:00,188 : WARNING : ConfigProcessor : Config file in cache changed: C:\Users\duffb\OneDrive\Documents\Python Envs\PinBallWW1\Machine\config\config.yaml
2025-03-06 21:32:00,188 : INFO : ConfigProcessor : Loading config from file C:\Users\duffb\.pyenv\pyenv-win\versions\3.11.0\Lib\site-packages\mpf\mpfconfig.yaml.
2025-03-06 21:32:00,198 : INFO : ConfigProcessor : Loading config: C:\Users\duffb\.pyenv\pyenv-win\versions\3.11.0\Lib\site-packages\mpf\mpfconfig.yaml
2025-03-06 21:32:00,199 : INFO : ConfigProcessor : Loading config from file C:\Users\duffb\OneDrive\Documents\Python Envs\PinBallWW1\Machine\config\config.yaml.
2025-03-06 21:32:00,204 : INFO : ConfigProcessor : Loading config: C:\Users\duffb\OneDrive\Documents\Python Envs\PinBallWW1\Machine\config\config.yaml
2025-03-06 21:32:00,205 : INFO : ConfigProcessor : Config file cache created: C:\Users\duffb\AppData\Local\Temp\cadfdee4981114acd6fff59d1071b59b.mpf_cache
2025-03-06 21:32:00,290 : INFO : ConfigProcessor : Loading config from cache: C:\Users\duffb\AppData\Local\Temp\2d51d76727b268a801d8dd7a18b89879.mpf_cache
2025-03-06 21:32:00,291 : INFO : ConfigProcessor : Loading config from cache: C:\Users\duffb\AppData\Local\Temp\9f058d482eac17116727d62a93500be7.mpf_cache
2025-03-06 21:32:00,291 : WARNING : ConfigProcessor : Config file in cache changed: C:\Users\duffb\OneDrive\Documents\Python Envs\PinBallWW1\Machine\modes\base\config\base.yaml
2025-03-06 21:32:00,291 : INFO : ConfigProcessor : Loading config from file C:\Users\duffb\OneDrive\Documents\Python Envs\PinBallWW1\Machine\modes\base\config\base.yaml.
2025-03-06 21:32:00,293 : INFO : ConfigProcessor : Loading config: C:\Users\duffb\OneDrive\Documents\Python Envs\PinBallWW1\Machine\modes\base\config\base.yaml
2025-03-06 21:32:00,294 : INFO : ConfigProcessor : Config file cache created: C:\Users\duffb\AppData\Local\Temp\9e006ea23aa21ec68e01f6c49afad9f4.mpf_cache
2025-03-06 21:32:00,294 : INFO : Machine : Mission Pinball Framework Core Engine v0.57.0
2025-03-06 21:32:00,294 : INFO : Machine : Command line arguments: {'no_load_cache': False, 'create_config_cache': True, 'bcp': True, 'configfile': ['config.yaml'], 'force_assets_load': False, 'platform_integration_test': False, 'jsonlogging': False, 'logfile': 'logs\\2025-03-06-21-32-00-mpf-T0SHIII.log', 'pause': False, 'production': False, 'text_ui': True, 'loglevel': 15, 'consoleloglevel': 20, 'force_platform': None, 'syslog_address': None, 'mc_file_name': None, 'no_sound': False}
2025-03-06 21:32:00,294 : INFO : Machine : MPF path: C:\Users\duffb\.pyenv\pyenv-win\versions\3.11.0\Lib\site-packages\mpf
2025-03-06 21:32:00,294 : INFO : Machine : Machine path: C:\Users\duffb\OneDrive\Documents\Python Envs\PinBallWW1\Machine
2025-03-06 21:32:00,294 : INFO : Machine : Platform: win32
2025-03-06 21:32:00,294 : INFO : Machine : Python executable location: C:\Users\duffb\.pyenv\pyenv-win\versions\3.11.0\python.exe
2025-03-06 21:32:00,295 : INFO : Machine : Python version: 3.11.0 (64-bit)
2025-03-06 21:32:00,296 : INFO : Machine : Initializing MPF...
2025-03-06 21:32:00,463 : INFO : EventManager : Event: ======'machine_var_credits_string'====== Args={'value': 'FREE PLAY', 'prev_value': None, 'change': True}
2025-03-06 21:32:00,505 : INFO : EventManager : Event: ======'machine_var_master_volume'====== Args={'value': 0.5, 'prev_value': None, 'change': True}
2025-03-06 21:32:00,505 : INFO : EventManager : Event: ======'machine_var_player1_score'====== Args={'value': 8000, 'prev_value': None, 'change': True}
2025-03-06 21:32:00,505 : INFO : EventManager : Event: ======'machine_var_player2_score'====== Args={'value': 1000, 'prev_value': None, 'change': True}
2025-03-06 21:32:00,505 : INFO : EventManager : Event: ======'machine_var_mpf_version'====== Args={'value': 'Mission Pinball Framework v0.57.0', 'prev_value': None, 'change': True}
2025-03-06 21:32:00,505 : INFO : EventManager : Event: ======'machine_var_mpf_extended_version'====== Args={'value': 'Mission Pinball Framework v0.57.0, Config version:6, Show version: 6, BCP version:1.1', 'prev_value': None, 'change': True}
2025-03-06 21:32:00,505 : INFO : EventManager : Event: ======'machine_var_python_version'====== Args={'value': '3.11.0', 'prev_value': None, 'change': True}
2025-03-06 21:32:00,514 : INFO : EventManager : Event: ======'machine_var_platform'====== Args={'value': 'Windows-10-10.0.26100-SP0', 'prev_value': None, 'change': True}
2025-03-06 21:32:00,514 : INFO : EventManager : Event: ======'machine_var_platform_system'====== Args={'value': 'Windows', 'prev_value': None, 'change': True}
2025-03-06 21:32:00,514 : INFO : EventManager : Event: ======'machine_var_platform_release'====== Args={'value': '10', 'prev_value': None, 'change': True}
2025-03-06 21:32:00,514 : INFO : EventManager : Event: ======'machine_var_platform_version'====== Args={'value': '10.0.26100', 'prev_value': None, 'change': True}
2025-03-06 21:32:00,514 : INFO : EventManager : Event: ======'machine_var_platform_machine'====== Args={'value': 'AMD64', 'prev_value': None, 'change': True}
2025-03-06 21:32:00,514 : INFO : EventManager : Event: ======'init_phase_1'====== Args={}
2025-03-06 21:32:00,525 : INFO : EventManager : Event: ======'init_phase_2'====== Args={}
2025-03-06 21:32:00,525 : INFO : SwitchController : Found active switch: ('3', <Platform.SmartVirtual>) <switch.s_trough1>
2025-03-06 21:32:00,525 : INFO : SwitchController : Found active switch: ('4', <Platform.SmartVirtual>) <switch.s_trough2>
2025-03-06 21:32:00,526 : INFO : SwitchController : Found active switch: ('5', <Platform.SmartVirtual>) <switch.s_trough3>
2025-03-06 21:32:00,527 : INFO : EventManager : Event: ======'bcp_connection_attempt'====== Args={'name': 'local_display', 'host': 'localhost', 'port': 5050}
2025-03-06 21:32:00,529 : INFO : BCPClientSocket : Connecting BCP to 'local_display' at localhost:5050...
2025-03-06 21:32:02,565 : INFO : BCPClientSocket : Connected BCP to 'local_display' localhost:5050
2025-03-06 21:32:02,566 : INFO : EventManager : Event: ======'bcp_clients_connected'====== Args={}
2025-03-06 21:32:02,707 : INFO : EventManager : Event: ======'machine_var_mc_version'====== Args={'value': 'MPF-MC v0.57.1', 'prev_value': None, 'change': True}
2025-03-06 21:32:02,708 : INFO : EventManager : Event: ======'machine_var_mc_extended_version'====== Args={'value': 'MPF-MC v0.57.1 (config_version=6, BCP v1.1,                      Requires MPF API compatibility v0.57.0 or newer)', 'prev_value': None, 'change': True}
2025-03-06 21:32:02,709 : INFO : ball_device.bd_trough : BCH: Initial count: 3
2025-03-06 21:32:02,730 : INFO : ball_device.bd_trough : State: idle
2025-03-06 21:32:02,731 : INFO : ball_device.bd_plunger_lane : BCH: Initial count: 0
2025-03-06 21:32:02,731 : INFO : ball_device.bd_plunger_lane : State: idle
2025-03-06 21:32:02,811 : INFO : EventManager : Event: ======'init_phase_3'====== Args={}
2025-03-06 21:32:02,818 : INFO : EventManager : Event: ======'init_phase_4'====== Args={}
2025-03-06 21:32:02,819 : INFO : BallController : Initial balls found: 3
2025-03-06 21:32:02,822 : INFO : EventManager : Event: ======'machine_var_audits_events_game_ended'====== Args={'value': 13, 'prev_value': None, 'change': True}
2025-03-06 21:32:02,822 : INFO : EventManager : Event: ======'machine_var_audits_events_game_started'====== Args={'value': 20, 'prev_value': None, 'change': True}
2025-03-06 21:32:02,822 : INFO : EventManager : Event: ======'machine_var_audits_missing_switches_s_drain'====== Args={'value': 6, 'prev_value': None, 'change': True}
2025-03-06 21:32:02,823 : INFO : EventManager : Event: ======'machine_var_audits_missing_switches_s_launcher_button'====== Args={'value': 4, 'prev_value': None, 'change': True}
2025-03-06 21:32:02,823 : INFO : EventManager : Event: ======'machine_var_audits_missing_switches_s_left_flipper'====== Args={'value': 12, 'prev_value': None, 'change': True}
2025-03-06 21:32:02,823 : INFO : EventManager : Event: ======'machine_var_audits_missing_switches_s_playfield_entry'====== Args={'value': 3, 'prev_value': None, 'change': True}
2025-03-06 21:32:02,824 : INFO : EventManager : Event: ======'machine_var_audits_missing_switches_s_plunger_lane'====== Args={'value': 3, 'prev_value': None, 'change': True}
2025-03-06 21:32:02,824 : INFO : EventManager : Event: ======'machine_var_audits_missing_switches_s_pointTarget'====== Args={'value': 3, 'prev_value': None, 'change': True}
2025-03-06 21:32:02,824 : INFO : EventManager : Event: ======'machine_var_audits_missing_switches_s_right_flipper'====== Args={'value': 13, 'prev_value': None, 'change': True}
2025-03-06 21:32:02,824 : INFO : EventManager : Event: ======'machine_var_audits_missing_switches_s_trough1'====== Args={'value': 4, 'prev_value': None, 'change': True}
2025-03-06 21:32:02,825 : INFO : EventManager : Event: ======'machine_var_audits_missing_switches_s_trough2'====== Args={'value': 6, 'prev_value': None, 'change': True}
2025-03-06 21:32:02,825 : INFO : EventManager : Event: ======'machine_var_audits_missing_switches_s_trough3'====== Args={'value': 13, 'prev_value': None, 'change': True}
2025-03-06 21:32:02,825 : INFO : EventManager : Event: ======'machine_var_audits_missing_switches_s_trough_enter'====== Args={'value': 20, 'prev_value': None, 'change': True}
2025-03-06 21:32:02,826 : INFO : EventManager : Event: ======'machine_var_audits_player_score'====== Args={'value': {'average': 124, 'top': [8000, 1000, 0, 0, 0, 0, 0, 0, 0, 0], 'total': 16}, 'prev_value': None, 'change': True}
2025-03-06 21:32:02,826 : INFO : EventManager : Event: ======'machine_var_audits_switches_s_drain'====== Args={'value': 0, 'prev_value': None, 'change': True}
2025-03-06 21:32:02,827 : INFO : EventManager : Event: ======'machine_var_audits_switches_s_launcher_button'====== Args={'value': 8, 'prev_value': None, 'change': True}
2025-03-06 21:32:02,827 : INFO : EventManager : Event: ======'machine_var_audits_switches_s_left_flipper'====== Args={'value': 14, 'prev_value': None, 'change': True}
2025-03-06 21:32:02,827 : INFO : EventManager : Event: ======'machine_var_audits_switches_s_playfield_entry'====== Args={'value': 148, 'prev_value': None, 'change': True}
2025-03-06 21:32:02,827 : INFO : EventManager : Event: ======'machine_var_audits_switches_s_plunger_lane'====== Args={'value': 70, 'prev_value': None, 'change': True}
2025-03-06 21:32:02,828 : INFO : EventManager : Event: ======'machine_var_audits_switches_s_pointTarget'====== Args={'value': 0, 'prev_value': None, 'change': True}
2025-03-06 21:32:02,828 : INFO : EventManager : Event: ======'machine_var_audits_switches_s_right_flipper'====== Args={'value': 10, 'prev_value': None, 'change': True}
2025-03-06 21:32:02,828 : INFO : EventManager : Event: ======'machine_var_audits_switches_s_trough1'====== Args={'value': 50, 'prev_value': None, 'change': True}
2025-03-06 21:32:02,828 : INFO : EventManager : Event: ======'machine_var_audits_switches_s_trough2'====== Args={'value': 6, 'prev_value': None, 'change': True}
2025-03-06 21:32:02,829 : INFO : EventManager : Event: ======'machine_var_audits_switches_s_trough3'====== Args={'value': 6, 'prev_value': None, 'change': True}
2025-03-06 21:32:02,829 : INFO : EventManager : Event: ======'machine_var_audits_switches_s_trough_enter'====== Args={'value': 0, 'prev_value': None, 'change': True}
2025-03-06 21:32:02,830 : INFO : EventManager : Event: ======'init_phase_5'====== Args={}
2025-03-06 21:32:02,851 : INFO : EventManager : Event: ======'init_done'====== Args={}
2025-03-06 21:32:02,851 : INFO : EventManager : Event: ======'machine_reset_phase_1'====== Args={}
2025-03-06 21:32:02,854 : INFO : EventManager : Event: ======'machine_reset_phase_2'====== Args={}
2025-03-06 21:32:02,855 : INFO : EventManager : Event: ======'machine_reset_phase_3'====== Args={}
2025-03-06 21:32:02,855 : INFO : EventManager : Event: ======'reset_complete'====== Args={}
2025-03-06 21:32:02,855 : INFO : EventManager : Event: ======'mode_attract_will_start'====== Args={}
2025-03-06 21:32:02,855 : INFO : EventManager : Event: ======'mode_attract_starting'====== Args={}
2025-03-06 21:32:02,855 : INFO : Mode.attract : Started. Priority: 10
2025-03-06 21:32:02,856 : INFO : EventManager : Event: ======'modes_active_modes_changed'====== Args={}
2025-03-06 21:32:02,856 : INFO : EventManager : Event: ======'mode_attract_started'====== Args={}
2025-03-06 21:32:02,856 : INFO : EventManager : Event: ======'collecting_balls_complete'====== Args={}
2025-03-06 21:32:02,874 : INFO : EventManager : Event: ======'slide_welcome_slide_created'====== Args={'_from_bcp': True}
2025-03-06 21:32:02,875 : INFO : EventManager : Event: ======'slide_welcome_slide_active'====== Args={'_from_bcp': True}
2025-03-06 21:32:02,875 : INFO : Machine : Starting the main run loop.
2025-03-06 21:32:04,422 : INFO : SwitchController : <<<<<<< 's_launcher_button' active >>>>>>>
2025-03-06 21:32:04,546 : INFO : SwitchController : <<<<<<< 's_launcher_button' inactive >>>>>>>
2025-03-06 21:32:04,546 : INFO : EventManager : Event: ======'request_to_start_game'====== Args={}
2025-03-06 21:32:04,548 : INFO : EventManager : Event: ======'game_start'====== Args={'buttons': [], 'hold_time': 0.125}
2025-03-06 21:32:04,549 : INFO : EventManager : Event: ======'mode_game_will_start'====== Args={'buttons': [], 'hold_time': 0.125}
2025-03-06 21:32:04,552 : INFO : EventManager : Event: ======'mode_game_starting'====== Args={'buttons': [], 'hold_time': 0.125}
2025-03-06 21:32:04,552 : INFO : EventManager : Event: ======'mode_attract_will_stop'====== Args={}
2025-03-06 21:32:04,554 : INFO : EventManager : Event: ======'mode_attract_stopping'====== Args={}
2025-03-06 21:32:04,554 : INFO : Mode.attract : Stopped.
2025-03-06 21:32:04,555 : INFO : EventManager : Event: ======'modes_active_modes_changed'====== Args={}
2025-03-06 21:32:04,555 : INFO : EventManager : Event: ======'mode_attract_stopped'====== Args={}
2025-03-06 21:32:04,555 : INFO : EventManager : Event: ======'clear'====== Args={'key': 'attract'}
2025-03-06 21:32:04,556 : INFO : Mode.game : Started. Priority: 20
2025-03-06 21:32:04,557 : INFO : EventManager : Event: ======'modes_active_modes_changed'====== Args={}
2025-03-06 21:32:04,557 : INFO : EventManager : Event: ======'mode_game_started'====== Args={'buttons': [], 'hold_time': 0.125}
2025-03-06 21:32:04,585 : INFO : EventManager : Event: ======'game_will_start'====== Args={}
2025-03-06 21:32:04,586 : INFO : EventManager : Event: ======'game_starting'====== Args={'game': <Mode.game>}
2025-03-06 21:32:04,587 : INFO : EventManager : Unordered handler for class <Auditor> on event game_ended with priority 1. Handlers: [RegisteredHandler(callback=<bound method Auditor.disable of <Auditor>>, priority=1, kwargs={}, key=UUID('520a3db9-fc0f-4e89-8ff5-5d3dd2073f4b'), condition=None, blocking_facility=None), RegisteredHandler(callback=<bound method Auditor._save_audits of <Auditor>>, priority=1, kwargs={}, key=UUID('cb890089-0fa8-4aa3-9b75-4ef53b2a5b7f'), condition=None, blocking_facility=None)]. The order of those handlers is not defined and they will be executed in random order. This might lead to race conditions and potential bugs.
2025-03-06 21:32:04,587 : INFO : EventManager : Event: ======'player_add_request'====== Args={}
2025-03-06 21:32:04,587 : INFO : EventManager : Event: ======'player_will_add'====== Args={'number': 1}
2025-03-06 21:32:04,587 : INFO : EventManager : Event: ======'player_adding'====== Args={'player': <Player 1>, 'number': 1}
2025-03-06 21:32:04,587 : INFO : EventManager : Event: ======'player_added'====== Args={'player': <Player 1>, 'num': 1}
2025-03-06 21:32:04,587 : INFO : Mode.game : Player added successfully. Total players: 1
2025-03-06 21:32:04,588 : INFO : EventManager : Event: ======'player_index'====== Args={'value': 0, 'prev_value': 0, 'change': 0, 'player_num': 1}
2025-03-06 21:32:04,588 : INFO : EventManager : Event: ======'player_number'====== Args={'value': 1, 'prev_value': 1, 'change': 0, 'player_num': 1}
2025-03-06 21:32:04,590 : INFO : EventManager : Event: ======'player_score'====== Args={'value': 0, 'prev_value': 0, 'change': 0, 'player_num': 1}
2025-03-06 21:32:04,590 : INFO : EventManager : Event: ======'game_started'====== Args={}
2025-03-06 21:32:04,603 : INFO : EventManager : Event: ======'player_turn_will_start'====== Args={'player': <Player 1>, 'number': 1}
2025-03-06 21:32:04,603 : INFO : EventManager : Event: ======'player_turn_starting'====== Args={'player': <Player 1>, 'number': 1}
2025-03-06 21:32:04,603 : INFO : EventManager : Event: ======'player_ball'====== Args={'value': 1, 'prev_value': 0, 'change': 1, 'player_num': 1}
2025-03-06 21:32:04,603 : INFO : EventManager : Event: ======'player_turn_started'====== Args={'player': <Player 1>, 'number': 1}
2025-03-06 21:32:04,605 : INFO : EventManager : Event: ======'ball_will_start'====== Args={'player': 1, 'ball': 1, 'balls_remaining': 2, 'is_extra_ball': False}
2025-03-06 21:32:04,607 : INFO : EventManager : Event: ======'ball_starting'====== Args={'player': 1, 'ball': 1, 'balls_remaining': 2, 'is_extra_ball': False}
2025-03-06 21:32:04,607 : INFO : EventManager : Event: ======'balls_in_play'====== Args={'balls': 1}
2025-03-06 21:32:04,608 : INFO : EventManager : Event: ======'ball_started'====== Args={'player': 1, 'ball': 1, 'balls_remaining': 2, 'is_extra_ball': False}
2025-03-06 21:32:04,608 : INFO : EventManager : Event: ======'mode_base_will_start'====== Args={'player': 1, 'ball': 1, 'balls_remaining': 2, 'is_extra_ball': False}
2025-03-06 21:32:04,608 : ERROR : asyncio : Exception in callback EventManager.process_event_queue()
handle: <Handle EventManager.process_event_queue()>
Traceback (most recent call last):
  File "C:\Users\duffb\.pyenv\pyenv-win\versions\3.11.0\Lib\site-packages\mpf\core\events.py", line 751, in _run_handlers
    result = handler.callback(**merged_kwargs)
             ^^^^^^^^^^^^^^^^^^^^^^^^^^^^^^^^^
  File "C:\Users\duffb\.pyenv\pyenv-win\versions\3.11.0\Lib\site-packages\mpf\core\mode.py", line 218, in start
    result = item.method(config=self.config.get(item.config_section, self.config),
             ^^^^^^^^^^^^^^^^^^^^^^^^^^^^^^^^^^^^^^^^^^^^^^^^^^^^^^^^^^^^^^^^^^^^^
  File "C:\Users\duffb\.pyenv\pyenv-win\versions\3.11.0\Lib\site-packages\mpf\core\config_player.py", line 221, in mode_start
    event_keys = self.register_player_events(config, mode, priority)
                 ^^^^^^^^^^^^^^^^^^^^^^^^^^^^^^^^^^^^^^^^^^^^^^^^^^^
  File "C:\Users\duffb\.pyenv\pyenv-win\versions\3.11.0\Lib\site-packages\mpf\core\config_player.py", line 316, in register_player_events
    self.machine.events.add_handler(
  File "C:\Users\duffb\.pyenv\pyenv-win\versions\3.11.0\Lib\site-packages\mpf\core\events.py", line 215, in add_handler
    self.raise_config_error('Switch name "{name}" name used as event handler for {handler}. '
  File "C:\Users\duffb\.pyenv\pyenv-win\versions\3.11.0\Lib\site-packages\mpf\core\logging.py", line 174, in raise_config_error
    raise ConfigFileError(msg, error_no, self.log.name if self.log else "", context, self._url_base) \
mpf.exceptions.config_file_error.ConfigFileError: Config File Error in EventManager: Switch name "s_pointTarget" name used as event handler for <bound method ConfigPlayer.config_play_callback of ConfigPlayer.variable_player/variables>. Did you mean "s_pointTarget_active"? Error Code: CFE-EventManager-1 (https://missionpinball.org/logs)

The above exception was the direct cause of the following exception:

Traceback (most recent call last):
  File "C:\Users\duffb\.pyenv\pyenv-win\versions\3.11.0\Lib\asyncio\events.py", line 80, in _run
    self._context.run(self._callback, *self._args)
  File "C:\Users\duffb\.pyenv\pyenv-win\versions\3.11.0\Lib\site-packages\mpf\core\events.py", line 842, in process_event_queue
    self._process_event(event=event[0],
  File "C:\Users\duffb\.pyenv\pyenv-win\versions\3.11.0\Lib\site-packages\mpf\core\events.py", line 804, in _process_event
    result = self._run_handlers(event, ev_type, kwargs)
             ^^^^^^^^^^^^^^^^^^^^^^^^^^^^^^^^^^^^^^^^^^
  File "C:\Users\duffb\.pyenv\pyenv-win\versions\3.11.0\Lib\site-packages\mpf\core\events.py", line 753, in _run_handlers
    raise EventHandlerException(
mpf.core.events.EventHandlerException: Exception while processing RegisteredHandler(callback=<bound method Mode.start of <Mode.base>>, priority=100, kwargs={}, key=UUID('7cba8cab-a3e4-4641-a383-341dbbb932dc'), condition=None, blocking_facility=None) for event ball_started. Config File Error in EventManager: Switch name "s_pointTarget" name used as event handler for <bound method ConfigPlayer.config_play_callback of ConfigPlayer.variable_player/variables>. Did you mean "s_pointTarget_active"? Error Code: CFE-EventManager-1 (https://missionpinball.org/logs)
2025-03-06 21:32:04,614 : INFO : Machine : Shutting down...
2025-03-06 21:32:04,614 : INFO : EventManager : Event: ======'shutdown'====== Args={}
2025-03-06 21:32:04,615 : INFO : EventManager : Event: ======'mode_game_will_stop'====== Args={}
2025-03-06 21:32:04,615 : INFO : EventManager : Event: ======'mode_game_stopping'====== Args={}
2025-03-06 21:32:04,615 : INFO : Mode.game : Stopped.
2025-03-06 21:32:04,615 : INFO : EventManager : Event: ======'modes_active_modes_changed'====== Args={}
2025-03-06 21:32:04,616 : INFO : EventManager : Event: ======'mode_game_stopped'====== Args={}
2025-03-06 21:32:04,616 : INFO : EventManager : Event: ======'clear'====== Args={'key': 'game'}
2025-03-06 21:32:04,617 : ERROR : Machine : Runtime Exception
Traceback (most recent call last):
  File "C:\Users\duffb\.pyenv\pyenv-win\versions\3.11.0\Lib\site-packages\mpf\core\events.py", line 751, in _run_handlers
    result = handler.callback(**merged_kwargs)
             ^^^^^^^^^^^^^^^^^^^^^^^^^^^^^^^^^
  File "C:\Users\duffb\.pyenv\pyenv-win\versions\3.11.0\Lib\site-packages\mpf\core\mode.py", line 218, in start
    result = item.method(config=self.config.get(item.config_section, self.config),
             ^^^^^^^^^^^^^^^^^^^^^^^^^^^^^^^^^^^^^^^^^^^^^^^^^^^^^^^^^^^^^^^^^^^^^
  File "C:\Users\duffb\.pyenv\pyenv-win\versions\3.11.0\Lib\site-packages\mpf\core\config_player.py", line 221, in mode_start
    event_keys = self.register_player_events(config, mode, priority)
                 ^^^^^^^^^^^^^^^^^^^^^^^^^^^^^^^^^^^^^^^^^^^^^^^^^^^
  File "C:\Users\duffb\.pyenv\pyenv-win\versions\3.11.0\Lib\site-packages\mpf\core\config_player.py", line 316, in register_player_events
    self.machine.events.add_handler(
  File "C:\Users\duffb\.pyenv\pyenv-win\versions\3.11.0\Lib\site-packages\mpf\core\events.py", line 215, in add_handler
    self.raise_config_error('Switch name "{name}" name used as event handler for {handler}. '
  File "C:\Users\duffb\.pyenv\pyenv-win\versions\3.11.0\Lib\site-packages\mpf\core\logging.py", line 174, in raise_config_error
    raise ConfigFileError(msg, error_no, self.log.name if self.log else "", context, self._url_base) \
mpf.exceptions.config_file_error.ConfigFileError: Config File Error in EventManager: Switch name "s_pointTarget" name used as event handler for <bound method ConfigPlayer.config_play_callback of ConfigPlayer.variable_player/variables>. Did you mean "s_pointTarget_active"? Error Code: CFE-EventManager-1 (https://missionpinball.org/logs)

The above exception was the direct cause of the following exception:

Traceback (most recent call last):
  File "C:\Users\duffb\.pyenv\pyenv-win\versions\3.11.0\Lib\site-packages\mpf\core\machine.py", line 794, in _run_loop
    raise self._exception['exception']
  File "C:\Users\duffb\.pyenv\pyenv-win\versions\3.11.0\Lib\asyncio\events.py", line 80, in _run
    self._context.run(self._callback, *self._args)
  File "C:\Users\duffb\.pyenv\pyenv-win\versions\3.11.0\Lib\site-packages\mpf\core\events.py", line 842, in process_event_queue
    self._process_event(event=event[0],
  File "C:\Users\duffb\.pyenv\pyenv-win\versions\3.11.0\Lib\site-packages\mpf\core\events.py", line 804, in _process_event
    result = self._run_handlers(event, ev_type, kwargs)
             ^^^^^^^^^^^^^^^^^^^^^^^^^^^^^^^^^^^^^^^^^^
  File "C:\Users\duffb\.pyenv\pyenv-win\versions\3.11.0\Lib\site-packages\mpf\core\events.py", line 753, in _run_handlers
    raise EventHandlerException(
mpf.core.events.EventHandlerException: Exception while processing RegisteredHandler(callback=<bound method Mode.start of <Mode.base>>, priority=100, kwargs={}, key=UUID('7cba8cab-a3e4-4641-a383-341dbbb932dc'), condition=None, blocking_facility=None) for event ball_started. Config File Error in EventManager: Switch name "s_pointTarget" name used as event handler for <bound method ConfigPlayer.config_play_callback of ConfigPlayer.variable_player/variables>. Did you mean "s_pointTarget_active"? Error Code: CFE-EventManager-1 (https://missionpinball.org/logs)
2025-03-06 21:32:06,802 : ERROR : root : 
Traceback (most recent call last):
  File "C:\Users\duffb\.pyenv\pyenv-win\versions\3.11.0\Lib\site-packages\mpf\core\events.py", line 751, in _run_handlers
    result = handler.callback(**merged_kwargs)
             ^^^^^^^^^^^^^^^^^^^^^^^^^^^^^^^^^
  File "C:\Users\duffb\.pyenv\pyenv-win\versions\3.11.0\Lib\site-packages\mpf\core\mode.py", line 218, in start
    result = item.method(config=self.config.get(item.config_section, self.config),
             ^^^^^^^^^^^^^^^^^^^^^^^^^^^^^^^^^^^^^^^^^^^^^^^^^^^^^^^^^^^^^^^^^^^^^
  File "C:\Users\duffb\.pyenv\pyenv-win\versions\3.11.0\Lib\site-packages\mpf\core\config_player.py", line 221, in mode_start
    event_keys = self.register_player_events(config, mode, priority)
                 ^^^^^^^^^^^^^^^^^^^^^^^^^^^^^^^^^^^^^^^^^^^^^^^^^^^
  File "C:\Users\duffb\.pyenv\pyenv-win\versions\3.11.0\Lib\site-packages\mpf\core\config_player.py", line 316, in register_player_events
    self.machine.events.add_handler(
  File "C:\Users\duffb\.pyenv\pyenv-win\versions\3.11.0\Lib\site-packages\mpf\core\events.py", line 215, in add_handler
    self.raise_config_error('Switch name "{name}" name used as event handler for {handler}. '
  File "C:\Users\duffb\.pyenv\pyenv-win\versions\3.11.0\Lib\site-packages\mpf\core\logging.py", line 174, in raise_config_error
    raise ConfigFileError(msg, error_no, self.log.name if self.log else "", context, self._url_base) \
mpf.exceptions.config_file_error.ConfigFileError: Config File Error in EventManager: Switch name "s_pointTarget" name used as event handler for <bound method ConfigPlayer.config_play_callback of ConfigPlayer.variable_player/variables>. Did you mean "s_pointTarget_active"? Error Code: CFE-EventManager-1 (https://missionpinball.org/logs)

The above exception was the direct cause of the following exception:

Traceback (most recent call last):
  File "C:\Users\duffb\.pyenv\pyenv-win\versions\3.11.0\Lib\site-packages\mpf\core\machine.py", line 794, in _run_loop
    raise self._exception['exception']
  File "C:\Users\duffb\.pyenv\pyenv-win\versions\3.11.0\Lib\asyncio\events.py", line 80, in _run
    self._context.run(self._callback, *self._args)
  File "C:\Users\duffb\.pyenv\pyenv-win\versions\3.11.0\Lib\site-packages\mpf\core\events.py", line 842, in process_event_queue
    self._process_event(event=event[0],
  File "C:\Users\duffb\.pyenv\pyenv-win\versions\3.11.0\Lib\site-packages\mpf\core\events.py", line 804, in _process_event
    result = self._run_handlers(event, ev_type, kwargs)
             ^^^^^^^^^^^^^^^^^^^^^^^^^^^^^^^^^^^^^^^^^^
  File "C:\Users\duffb\.pyenv\pyenv-win\versions\3.11.0\Lib\site-packages\mpf\core\events.py", line 753, in _run_handlers
    raise EventHandlerException(
mpf.core.events.EventHandlerException: Exception while processing RegisteredHandler(callback=<bound method Mode.start of <Mode.base>>, priority=100, kwargs={}, key=UUID('7cba8cab-a3e4-4641-a383-341dbbb932dc'), condition=None, blocking_facility=None) for event ball_started. Config File Error in EventManager: Switch name "s_pointTarget" name used as event handler for <bound method ConfigPlayer.config_play_callback of ConfigPlayer.variable_player/variables>. Did you mean "s_pointTarget_active"? Error Code: CFE-EventManager-1 (https://missionpinball.org/logs)

During handling of the above exception, another exception occurred:

Traceback (most recent call last):
  File "C:\Users\duffb\.pyenv\pyenv-win\versions\3.11.0\Lib\site-packages\mpf\commands\game.py", line 240, in __init__
    self.machine.run()
  File "C:\Users\duffb\.pyenv\pyenv-win\versions\3.11.0\Lib\site-packages\mpf\core\machine.py", line 690, in run
    self._run_loop()
  File "C:\Users\duffb\.pyenv\pyenv-win\versions\3.11.0\Lib\site-packages\mpf\core\machine.py", line 797, in _run_loop
    report_crash(self._exception['exception'], "exception_during_run", self.config)
  File "C:\Users\duffb\.pyenv\pyenv-win\versions\3.11.0\Lib\site-packages\mpf\core\crash_reporter.py", line 236, in report_crash
    response = input("Do you want to report the crash to the MPF team (yes/no/show)? ")
               ^^^^^^^^^^^^^^^^^^^^^^^^^^^^^^^^^^^^^^^^^^^^^^^^^^^^^^^^^^^^^^^^^^^^^^^^
EOFError
