2025-03-22 21:20:06,943 : INFO : root : Loading config.
2025-03-22 21:20:06,947 : INFO : YamlMultifileConfigLoader : Machine config file #1: config.yaml
2025-03-22 21:20:06,948 : WARNING : ConfigProcessor : Config file in cache changed: C:\Users\duffb\OneDrive\Documents\Python Envs\PinBallWW1\Machine\config\config.yaml
2025-03-22 21:20:06,948 : INFO : ConfigProcessor : Loading config from file C:\Users\duffb\.pyenv\pyenv-win\versions\3.11.0\Lib\site-packages\mpf\mpfconfig.yaml.
2025-03-22 21:20:06,961 : INFO : ConfigProcessor : Loading config: C:\Users\duffb\.pyenv\pyenv-win\versions\3.11.0\Lib\site-packages\mpf\mpfconfig.yaml
2025-03-22 21:20:06,961 : INFO : ConfigProcessor : Loading config from file C:\Users\duffb\OneDrive\Documents\Python Envs\PinBallWW1\Machine\config\config.yaml.
2025-03-22 21:20:06,983 : INFO : ConfigProcessor : Loading config: C:\Users\duffb\OneDrive\Documents\Python Envs\PinBallWW1\Machine\config\config.yaml
2025-03-22 21:20:06,985 : INFO : ConfigProcessor : Config file cache created: C:\Users\duffb\AppData\Local\Temp\cadfdee4981114acd6fff59d1071b59b.mpf_cache
2025-03-22 21:20:07,088 : WARNING : ConfigProcessor : Config file in cache changed: C:\Users\duffb\OneDrive\Documents\Python Envs\PinBallWW1\Machine\modes\attract\config\attract.yaml
2025-03-22 21:20:07,088 : INFO : ConfigProcessor : Loading config from file C:\Users\duffb\.pyenv\pyenv-win\versions\3.11.0\Lib\site-packages\mpf\modes\attract\config\attract.yaml.
2025-03-22 21:20:07,089 : INFO : ConfigProcessor : Loading config: C:\Users\duffb\.pyenv\pyenv-win\versions\3.11.0\Lib\site-packages\mpf\modes\attract\config\attract.yaml
2025-03-22 21:20:07,089 : INFO : ConfigProcessor : Loading config from file C:\Users\duffb\OneDrive\Documents\Python Envs\PinBallWW1\Machine\modes\attract\config\attract.yaml.
2025-03-22 21:20:07,106 : INFO : ConfigProcessor : Loading config: C:\Users\duffb\OneDrive\Documents\Python Envs\PinBallWW1\Machine\modes\attract\config\attract.yaml
2025-03-22 21:20:07,106 : INFO : ConfigProcessor : Config file cache created: C:\Users\duffb\AppData\Local\Temp\ee7db1e8d011f44c876692bb4657f2e9.mpf_cache
2025-03-22 21:20:07,107 : INFO : ConfigProcessor : Loading config from cache: C:\Users\duffb\AppData\Local\Temp\9f058d482eac17116727d62a93500be7.mpf_cache
2025-03-22 21:20:07,108 : INFO : ConfigProcessor : Loading config from cache: C:\Users\duffb\AppData\Local\Temp\2c9362052ff91db960f514d041b7f4e4.mpf_cache
2025-03-22 21:20:07,108 : INFO : ConfigProcessor : Loading config from cache: C:\Users\duffb\AppData\Local\Temp\9e006ea23aa21ec68e01f6c49afad9f4.mpf_cache
2025-03-22 21:20:07,110 : INFO : ConfigProcessor : Loading config from cache: C:\Users\duffb\AppData\Local\Temp\fd253b339e263587268891c4dd997fbd.mpf_cache
2025-03-22 21:20:07,110 : INFO : ConfigProcessor : Loading config from cache: C:\Users\duffb\AppData\Local\Temp\c114ce798d07012a33b8b14d8f953bb7.mpf_cache
2025-03-22 21:20:07,111 : INFO : ConfigProcessor : Loading config from cache: C:\Users\duffb\AppData\Local\Temp\ef70c2e65c3659b77bacdd3a7a24b233.mpf_cache
2025-03-22 21:20:07,112 : INFO : ConfigProcessor : Loading config from cache: C:\Users\duffb\AppData\Local\Temp\ec6e376f0ea10a5fdf8f7130b4bbbe7c.mpf_cache
2025-03-22 21:20:07,112 : INFO : Machine : Mission Pinball Framework Core Engine v0.57.0
2025-03-22 21:20:07,113 : INFO : Machine : Command line arguments: {'no_load_cache': False, 'create_config_cache': True, 'bcp': True, 'configfile': ['config.yaml'], 'force_assets_load': False, 'platform_integration_test': False, 'jsonlogging': False, 'logfile': 'logs\\2025-03-22-21-20-06-mpf-T0SHIII.log', 'pause': False, 'production': False, 'text_ui': True, 'loglevel': 15, 'consoleloglevel': 20, 'force_platform': None, 'syslog_address': None, 'mc_file_name': None, 'no_sound': False}
2025-03-22 21:20:07,113 : INFO : Machine : MPF path: C:\Users\duffb\.pyenv\pyenv-win\versions\3.11.0\Lib\site-packages\mpf
2025-03-22 21:20:07,113 : INFO : Machine : Machine path: C:\Users\duffb\OneDrive\Documents\Python Envs\PinBallWW1\Machine
2025-03-22 21:20:07,113 : INFO : Machine : Platform: win32
2025-03-22 21:20:07,113 : INFO : Machine : Python executable location: C:\Users\duffb\.pyenv\pyenv-win\versions\3.11.0\python.exe
2025-03-22 21:20:07,113 : INFO : Machine : Python version: 3.11.0 (64-bit)
2025-03-22 21:20:07,114 : INFO : Machine : Initializing MPF...
2025-03-22 21:20:07,320 : INFO : EventManager : Event: ======'machine_var_credits_string'====== Args={'value': 'FREE PLAY', 'prev_value': None, 'change': True}
2025-03-22 21:20:07,380 : INFO : EventManager : Event: ======'machine_var_master_volume'====== Args={'value': 0.5, 'prev_value': None, 'change': True}
2025-03-22 21:20:07,380 : INFO : EventManager : Event: ======'machine_var_player1_score'====== Args={'value': 8000, 'prev_value': None, 'change': True}
2025-03-22 21:20:07,381 : INFO : EventManager : Event: ======'machine_var_player2_score'====== Args={'value': 1000, 'prev_value': None, 'change': True}
2025-03-22 21:20:07,381 : INFO : EventManager : Event: ======'machine_var_mpf_version'====== Args={'value': 'Mission Pinball Framework v0.57.0', 'prev_value': None, 'change': True}
2025-03-22 21:20:07,381 : INFO : EventManager : Event: ======'machine_var_mpf_extended_version'====== Args={'value': 'Mission Pinball Framework v0.57.0, Config version:6, Show version: 6, BCP version:1.1', 'prev_value': None, 'change': True}
2025-03-22 21:20:07,381 : INFO : EventManager : Event: ======'machine_var_python_version'====== Args={'value': '3.11.0', 'prev_value': None, 'change': True}
2025-03-22 21:20:07,395 : INFO : EventManager : Event: ======'machine_var_platform'====== Args={'value': 'Windows-10-10.0.26100-SP0', 'prev_value': None, 'change': True}
2025-03-22 21:20:07,395 : INFO : EventManager : Event: ======'machine_var_platform_system'====== Args={'value': 'Windows', 'prev_value': None, 'change': True}
2025-03-22 21:20:07,395 : INFO : EventManager : Event: ======'machine_var_platform_release'====== Args={'value': '10', 'prev_value': None, 'change': True}
2025-03-22 21:20:07,396 : INFO : EventManager : Event: ======'machine_var_platform_version'====== Args={'value': '10.0.26100', 'prev_value': None, 'change': True}
2025-03-22 21:20:07,396 : INFO : EventManager : Event: ======'machine_var_platform_machine'====== Args={'value': 'AMD64', 'prev_value': None, 'change': True}
2025-03-22 21:20:07,396 : INFO : EventManager : Event: ======'init_phase_1'====== Args={}
2025-03-22 21:20:07,418 : INFO : EventManager : Event: ======'init_phase_2'====== Args={}
2025-03-22 21:20:07,419 : INFO : SwitchController : Found active switch: ('3', <Platform.SmartVirtual>) <switch.s_trough1>
2025-03-22 21:20:07,419 : INFO : SwitchController : Found active switch: ('4', <Platform.SmartVirtual>) <switch.s_trough2>
2025-03-22 21:20:07,419 : INFO : SwitchController : Found active switch: ('5', <Platform.SmartVirtual>) <switch.s_trough3>
2025-03-22 21:20:07,421 : INFO : EventManager : Event: ======'bcp_connection_attempt'====== Args={'name': 'local_display', 'host': 'localhost', 'port': 5050}
2025-03-22 21:20:07,423 : INFO : BCPClientSocket : Connecting BCP to 'local_display' at localhost:5050...
2025-03-22 21:20:09,467 : INFO : BCPClientSocket : Connected BCP to 'local_display' localhost:5050
2025-03-22 21:20:09,468 : INFO : EventManager : Event: ======'bcp_clients_connected'====== Args={}
2025-03-22 21:20:09,735 : INFO : EventManager : Event: ======'machine_var_mc_version'====== Args={'value': 'MPF-MC v0.57.1', 'prev_value': None, 'change': True}
2025-03-22 21:20:09,735 : INFO : EventManager : Event: ======'machine_var_mc_extended_version'====== Args={'value': 'MPF-MC v0.57.1 (config_version=6, BCP v1.1,                      Requires MPF API compatibility v0.57.0 or newer)', 'prev_value': None, 'change': True}
2025-03-22 21:20:09,739 : INFO : ball_device.bd_trough : BCH: Initial count: 3
2025-03-22 21:20:09,781 : INFO : ball_device.bd_trough : State: idle
2025-03-22 21:20:09,782 : INFO : ball_device.bd_plunger_lane : BCH: Initial count: 0
2025-03-22 21:20:09,782 : INFO : ball_device.bd_plunger_lane : State: idle
2025-03-22 21:20:09,831 : INFO : EventManager : Event: ======'init_phase_3'====== Args={}
2025-03-22 21:20:09,846 : INFO : EventManager : Event: ======'init_phase_4'====== Args={}
2025-03-22 21:20:09,846 : INFO : BallController : Initial balls found: 3
2025-03-22 21:20:09,847 : INFO : EventManager : Event: ======'machine_var_audits_events_game_ended'====== Args={'value': 13, 'prev_value': None, 'change': True}
2025-03-22 21:20:09,848 : INFO : EventManager : Event: ======'machine_var_audits_events_game_started'====== Args={'value': 66, 'prev_value': None, 'change': True}
2025-03-22 21:20:09,848 : INFO : EventManager : Event: ======'machine_var_audits_missing_switches_s_Lane1'====== Args={'value': 14, 'prev_value': None, 'change': True}
2025-03-22 21:20:09,848 : INFO : EventManager : Event: ======'machine_var_audits_missing_switches_s_Lane2'====== Args={'value': 14, 'prev_value': None, 'change': True}
2025-03-22 21:20:09,848 : INFO : EventManager : Event: ======'machine_var_audits_missing_switches_s_Lane3'====== Args={'value': 14, 'prev_value': None, 'change': True}
2025-03-22 21:20:09,848 : INFO : EventManager : Event: ======'machine_var_audits_missing_switches_s_Lane4'====== Args={'value': 14, 'prev_value': None, 'change': True}
2025-03-22 21:20:09,848 : INFO : EventManager : Event: ======'machine_var_audits_missing_switches_s_Target1'====== Args={'value': 14, 'prev_value': None, 'change': True}
2025-03-22 21:20:09,848 : INFO : EventManager : Event: ======'machine_var_audits_missing_switches_s_Target2'====== Args={'value': 14, 'prev_value': None, 'change': True}
2025-03-22 21:20:09,848 : INFO : EventManager : Event: ======'machine_var_audits_missing_switches_s_Target3'====== Args={'value': 14, 'prev_value': None, 'change': True}
2025-03-22 21:20:09,848 : INFO : EventManager : Event: ======'machine_var_audits_missing_switches_s_Target4'====== Args={'value': 14, 'prev_value': None, 'change': True}
2025-03-22 21:20:09,848 : INFO : EventManager : Event: ======'machine_var_audits_missing_switches_s_drain'====== Args={'value': 6, 'prev_value': None, 'change': True}
2025-03-22 21:20:09,848 : INFO : EventManager : Event: ======'machine_var_audits_missing_switches_s_launcher_button'====== Args={'value': 2, 'prev_value': None, 'change': True}
2025-03-22 21:20:09,848 : INFO : EventManager : Event: ======'machine_var_audits_missing_switches_s_left_flipper'====== Args={'value': 14, 'prev_value': None, 'change': True}
2025-03-22 21:20:09,848 : INFO : EventManager : Event: ======'machine_var_audits_missing_switches_s_playfield_entry'====== Args={'value': 2, 'prev_value': None, 'change': True}
2025-03-22 21:20:09,848 : INFO : EventManager : Event: ======'machine_var_audits_missing_switches_s_right_flipper'====== Args={'value': 14, 'prev_value': None, 'change': True}
2025-03-22 21:20:09,850 : INFO : EventManager : Event: ======'machine_var_audits_missing_switches_s_start_button'====== Args={'value': 1, 'prev_value': None, 'change': True}
2025-03-22 21:20:09,850 : INFO : EventManager : Event: ======'machine_var_audits_missing_switches_s_trough1'====== Args={'value': 19, 'prev_value': None, 'change': True}
2025-03-22 21:20:09,850 : INFO : EventManager : Event: ======'machine_var_audits_missing_switches_s_trough2'====== Args={'value': 22, 'prev_value': None, 'change': True}
2025-03-22 21:20:09,850 : INFO : EventManager : Event: ======'machine_var_audits_missing_switches_s_trough3'====== Args={'value': 26, 'prev_value': None, 'change': True}
2025-03-22 21:20:09,850 : INFO : EventManager : Event: ======'machine_var_audits_missing_switches_s_trough_enter'====== Args={'value': 21, 'prev_value': None, 'change': True}
2025-03-22 21:20:09,850 : INFO : EventManager : Event: ======'machine_var_audits_player_score'====== Args={'value': {'average': 124, 'top': [8000, 1000, 0, 0, 0, 0, 0, 0, 0, 0], 'total': 16}, 'prev_value': None, 'change': True}
2025-03-22 21:20:09,850 : INFO : EventManager : Event: ======'machine_var_audits_switches_s_Lane1'====== Args={'value': 36, 'prev_value': None, 'change': True}
2025-03-22 21:20:09,850 : INFO : EventManager : Event: ======'machine_var_audits_switches_s_Lane2'====== Args={'value': 25, 'prev_value': None, 'change': True}
2025-03-22 21:20:09,851 : INFO : EventManager : Event: ======'machine_var_audits_switches_s_Lane3'====== Args={'value': 22, 'prev_value': None, 'change': True}
2025-03-22 21:20:09,851 : INFO : EventManager : Event: ======'machine_var_audits_switches_s_Lane4'====== Args={'value': 26, 'prev_value': None, 'change': True}
2025-03-22 21:20:09,851 : INFO : EventManager : Event: ======'machine_var_audits_switches_s_Target1'====== Args={'value': 66, 'prev_value': None, 'change': True}
2025-03-22 21:20:09,851 : INFO : EventManager : Event: ======'machine_var_audits_switches_s_Target2'====== Args={'value': 59, 'prev_value': None, 'change': True}
2025-03-22 21:20:09,851 : INFO : EventManager : Event: ======'machine_var_audits_switches_s_Target3'====== Args={'value': 64, 'prev_value': None, 'change': True}
2025-03-22 21:20:09,851 : INFO : EventManager : Event: ======'machine_var_audits_switches_s_Target4'====== Args={'value': 51, 'prev_value': None, 'change': True}
2025-03-22 21:20:09,851 : INFO : EventManager : Event: ======'machine_var_audits_switches_s_drain'====== Args={'value': 0, 'prev_value': None, 'change': True}
2025-03-22 21:20:09,851 : INFO : EventManager : Event: ======'machine_var_audits_switches_s_launcher_button'====== Args={'value': 103, 'prev_value': None, 'change': True}
2025-03-22 21:20:09,851 : INFO : EventManager : Event: ======'machine_var_audits_switches_s_left_flipper'====== Args={'value': 103, 'prev_value': None, 'change': True}
2025-03-22 21:20:09,851 : INFO : EventManager : Event: ======'machine_var_audits_switches_s_playfield_entry'====== Args={'value': 205, 'prev_value': None, 'change': True}
2025-03-22 21:20:09,852 : INFO : EventManager : Event: ======'machine_var_audits_switches_s_plunger_lane'====== Args={'value': 150, 'prev_value': None, 'change': True}
2025-03-22 21:20:09,852 : INFO : EventManager : Event: ======'machine_var_audits_switches_s_pointTarget'====== Args={'value': 193, 'prev_value': None, 'change': True}
2025-03-22 21:20:09,852 : INFO : EventManager : Event: ======'machine_var_audits_switches_s_right_flipper'====== Args={'value': 95, 'prev_value': None, 'change': True}
2025-03-22 21:20:09,852 : INFO : EventManager : Event: ======'machine_var_audits_switches_s_start_button'====== Args={'value': 0, 'prev_value': None, 'change': True}
2025-03-22 21:20:09,852 : INFO : EventManager : Event: ======'machine_var_audits_switches_s_trough1'====== Args={'value': 109, 'prev_value': None, 'change': True}
2025-03-22 21:20:09,852 : INFO : EventManager : Event: ======'machine_var_audits_switches_s_trough2'====== Args={'value': 17, 'prev_value': None, 'change': True}
2025-03-22 21:20:09,852 : INFO : EventManager : Event: ======'machine_var_audits_switches_s_trough3'====== Args={'value': 14, 'prev_value': None, 'change': True}
2025-03-22 21:20:09,852 : INFO : EventManager : Event: ======'machine_var_audits_switches_s_trough_enter'====== Args={'value': 1, 'prev_value': None, 'change': True}
2025-03-22 21:20:09,853 : INFO : EventManager : Event: ======'init_phase_5'====== Args={}
2025-03-22 21:20:09,883 : INFO : EventManager : Event: ======'init_done'====== Args={}
2025-03-22 21:20:09,884 : INFO : EventManager : Event: ======'machine_reset_phase_1'====== Args={}
2025-03-22 21:20:09,893 : INFO : EventManager : Event: ======'slide_welcome_slide_removed'====== Args={'_from_bcp': True}
2025-03-22 21:20:09,896 : INFO : EventManager : Event: ======'slide_welcome_slide_created'====== Args={'_from_bcp': True}
2025-03-22 21:20:09,897 : INFO : EventManager : Event: ======'machine_reset_phase_2'====== Args={}
2025-03-22 21:20:09,898 : INFO : EventManager : Event: ======'machine_reset_phase_3'====== Args={}
2025-03-22 21:20:09,898 : INFO : EventManager : Event: ======'reset_complete'====== Args={}
2025-03-22 21:20:09,898 : INFO : EventManager : Event: ======'mode_attract_will_start'====== Args={}
2025-03-22 21:20:09,898 : INFO : EventManager : Event: ======'mode_attract_starting'====== Args={}
2025-03-22 21:20:09,898 : INFO : Mode.attract : Started. Priority: 10
2025-03-22 21:20:09,898 : INFO : EventManager : Event: ======'modes_active_modes_changed'====== Args={}
2025-03-22 21:20:09,899 : INFO : EventManager : Event: ======'mode_attract_started'====== Args={}
2025-03-22 21:20:09,899 : INFO : EventManager : Event: ======'cmd_flipper_disable'====== Args={'priority': 0}
2025-03-22 21:20:09,899 : INFO : EventManager : Event: ======'cmd_launcher_disable'====== Args={'priority': 0}
2025-03-22 21:20:09,899 : INFO : coil.c_autolauncher : Disabling Driver
2025-03-22 21:20:09,899 : INFO : EventManager : Event: ======'collecting_balls_complete'====== Args={}
2025-03-22 21:20:09,952 : INFO : EventManager : Event: ======'slide_welcome_slide_active'====== Args={'_from_bcp': True}
2025-03-22 21:20:09,952 : INFO : EventManager : Event: ======'slide_ship_slide_created'====== Args={'_from_bcp': True}
2025-03-22 21:20:09,952 : INFO : EventManager : Event: ======'slide_ship_slide_active'====== Args={'_from_bcp': True}
2025-03-22 21:20:09,952 : INFO : Machine : Starting the main run loop.
2025-03-22 21:20:10,247 : INFO : BcpServer : New client connected.
2025-03-22 21:20:14,928 : INFO : EventManager : Event: ======'slide_starting_slide_created'====== Args={'_from_bcp': True}
2025-03-22 21:20:14,932 : INFO : EventManager : Event: ======'slide_starting_slide_active'====== Args={'_from_bcp': True}
2025-03-22 21:20:18,390 : INFO : SwitchController : <<<<<<< 's_launcher_button' active >>>>>>>
2025-03-22 21:20:18,832 : INFO : SwitchController : <<<<<<< 's_launcher_button' inactive >>>>>>>
2025-03-22 21:20:19,002 : INFO : SwitchController : <<<<<<< 's_launcher_button' active >>>>>>>
2025-03-22 21:20:19,095 : INFO : SwitchController : <<<<<<< 's_launcher_button' inactive >>>>>>>
2025-03-22 21:20:19,215 : INFO : SwitchController : <<<<<<< 's_launcher_button' active >>>>>>>
2025-03-22 21:20:19,294 : INFO : SwitchController : <<<<<<< 's_launcher_button' inactive >>>>>>>
2025-03-22 21:20:19,389 : INFO : SwitchController : <<<<<<< 's_launcher_button' active >>>>>>>
2025-03-22 21:20:19,480 : INFO : SwitchController : <<<<<<< 's_launcher_button' inactive >>>>>>>
2025-03-22 21:20:19,588 : INFO : SwitchController : <<<<<<< 's_launcher_button' active >>>>>>>
2025-03-22 21:20:19,689 : INFO : SwitchController : <<<<<<< 's_launcher_button' inactive >>>>>>>
2025-03-22 21:20:19,800 : INFO : SwitchController : <<<<<<< 's_launcher_button' active >>>>>>>
2025-03-22 21:20:19,875 : INFO : SwitchController : <<<<<<< 's_launcher_button' inactive >>>>>>>
2025-03-22 21:20:19,929 : INFO : EventManager : Event: ======'slide_company_slide_created'====== Args={'_from_bcp': True}
2025-03-22 21:20:19,930 : INFO : EventManager : Event: ======'slide_company_slide_active'====== Args={'_from_bcp': True}
2025-03-22 21:20:20,008 : INFO : SwitchController : <<<<<<< 's_launcher_button' active >>>>>>>
2025-03-22 21:20:20,121 : INFO : SwitchController : <<<<<<< 's_launcher_button' inactive >>>>>>>
2025-03-22 21:20:21,577 : INFO : SwitchController : <<<<<<< 's_start_button' active >>>>>>>
2025-03-22 21:20:21,670 : INFO : SwitchController : <<<<<<< 's_start_button' inactive >>>>>>>
2025-03-22 21:20:21,670 : INFO : EventManager : Event: ======'request_to_start_game'====== Args={}
2025-03-22 21:20:21,674 : INFO : EventManager : Event: ======'game_start'====== Args={'buttons': [], 'hold_time': 0.09399999999732245}
2025-03-22 21:20:21,676 : INFO : EventManager : Event: ======'mode_game_will_start'====== Args={'buttons': [], 'hold_time': 0.09399999999732245}
2025-03-22 21:20:21,678 : INFO : EventManager : Event: ======'mode_game_starting'====== Args={'buttons': [], 'hold_time': 0.09399999999732245}
2025-03-22 21:20:21,680 : INFO : EventManager : Event: ======'mode_attract_will_stop'====== Args={}
2025-03-22 21:20:21,680 : INFO : EventManager : Event: ======'mode_attract_stopping'====== Args={}
2025-03-22 21:20:21,681 : INFO : Mode.attract : Stopped.
2025-03-22 21:20:21,681 : INFO : EventManager : Event: ======'modes_active_modes_changed'====== Args={}
2025-03-22 21:20:21,683 : INFO : EventManager : Event: ======'mode_attract_stopped'====== Args={}
2025-03-22 21:20:21,683 : INFO : EventManager : Event: ======'clear'====== Args={'key': 'attract'}
2025-03-22 21:20:21,684 : INFO : Mode.game : Started. Priority: 20
2025-03-22 21:20:21,684 : INFO : EventManager : Event: ======'modes_active_modes_changed'====== Args={}
2025-03-22 21:20:21,684 : INFO : EventManager : Event: ======'mode_game_started'====== Args={'buttons': [], 'hold_time': 0.09399999999732245}
2025-03-22 21:20:21,712 : INFO : EventManager : Event: ======'game_will_start'====== Args={}
2025-03-22 21:20:21,717 : INFO : EventManager : Event: ======'game_starting'====== Args={'game': <Mode.game>}
2025-03-22 21:20:21,719 : INFO : EventManager : Event: ======'slide_ship_slide_removed'====== Args={'_from_bcp': True}
2025-03-22 21:20:21,719 : INFO : EventManager : Event: ======'slide_starting_slide_removed'====== Args={'_from_bcp': True}
2025-03-22 21:20:21,721 : INFO : EventManager : Unordered handler for class <Auditor> on event game_ended with priority 1. Handlers: [RegisteredHandler(callback=<bound method Auditor.disable of <Auditor>>, priority=1, kwargs={}, key=UUID('969ef0d9-f55e-4e21-9a81-83eccc960db8'), condition=None, blocking_facility=None), RegisteredHandler(callback=<bound method Auditor._save_audits of <Auditor>>, priority=1, kwargs={}, key=UUID('020b1eb7-539f-47e0-aea3-f7eca74f9c8b'), condition=None, blocking_facility=None)]. The order of those handlers is not defined and they will be executed in random order. This might lead to race conditions and potential bugs.
2025-03-22 21:20:21,722 : INFO : EventManager : Event: ======'player_add_request'====== Args={}
2025-03-22 21:20:21,726 : INFO : EventManager : Event: ======'slide_company_slide_removed'====== Args={'_from_bcp': True}
2025-03-22 21:20:21,726 : INFO : EventManager : Event: ======'slide_welcome_slide_active'====== Args={'_from_bcp': True}
2025-03-22 21:20:21,726 : INFO : EventManager : Event: ======'player_will_add'====== Args={'number': 1}
2025-03-22 21:20:21,727 : INFO : EventManager : Event: ======'player_adding'====== Args={'player': <Player 1>, 'number': 1}
2025-03-22 21:20:21,728 : INFO : EventManager : Event: ======'player_added'====== Args={'player': <Player 1>, 'num': 1}
2025-03-22 21:20:21,728 : INFO : Mode.game : Player added successfully. Total players: 1
2025-03-22 21:20:21,730 : INFO : EventManager : Event: ======'player_index'====== Args={'value': 0, 'prev_value': 0, 'change': 0, 'player_num': 1}
2025-03-22 21:20:21,731 : INFO : EventManager : Event: ======'player_number'====== Args={'value': 1, 'prev_value': 1, 'change': 0, 'player_num': 1}
2025-03-22 21:20:21,731 : INFO : EventManager : Event: ======'player_score'====== Args={'value': 0, 'prev_value': 0, 'change': 0, 'player_num': 1}
2025-03-22 21:20:21,732 : INFO : EventManager : Event: ======'game_started'====== Args={}
2025-03-22 21:20:21,752 : INFO : EventManager : Event: ======'player_turn_will_start'====== Args={'player': <Player 1>, 'number': 1}
2025-03-22 21:20:21,754 : INFO : EventManager : Event: ======'player_turn_starting'====== Args={'player': <Player 1>, 'number': 1}
2025-03-22 21:20:21,757 : INFO : EventManager : Event: ======'player_ball'====== Args={'value': 1, 'prev_value': 0, 'change': 1, 'player_num': 1}
2025-03-22 21:20:21,757 : INFO : EventManager : Event: ======'player_turn_started'====== Args={'player': <Player 1>, 'number': 1}
2025-03-22 21:20:21,759 : INFO : EventManager : Event: ======'ball_will_start'====== Args={'player': 1, 'ball': 1, 'balls_remaining': 2, 'is_extra_ball': False}
2025-03-22 21:20:21,764 : INFO : EventManager : Event: ======'ball_starting'====== Args={'player': 1, 'ball': 1, 'balls_remaining': 2, 'is_extra_ball': False}
2025-03-22 21:20:21,765 : INFO : EventManager : Event: ======'balls_in_play'====== Args={'balls': 1}
2025-03-22 21:20:21,765 : INFO : EventManager : Event: ======'ball_started'====== Args={'player': 1, 'ball': 1, 'balls_remaining': 2, 'is_extra_ball': False}
2025-03-22 21:20:21,765 : INFO : EventManager : Event: ======'mode_intro_will_start'====== Args={'player': 1, 'ball': 1, 'balls_remaining': 2, 'is_extra_ball': False}
2025-03-22 21:20:21,766 : INFO : EventManager : Event: ======'mode_intro_starting'====== Args={'player': 1, 'ball': 1, 'balls_remaining': 2, 'is_extra_ball': False}
2025-03-22 21:20:21,766 : INFO : Mode.intro : Started. Priority: 200
2025-03-22 21:20:21,766 : INFO : EventManager : Event: ======'modes_active_modes_changed'====== Args={}
2025-03-22 21:20:21,766 : INFO : EventManager : Event: ======'mode_intro_started'====== Args={'player': 1, 'ball': 1, 'balls_remaining': 2, 'is_extra_ball': False}
2025-03-22 21:20:21,767 : INFO : EventManager : Event: ======'single_player_ball_started'====== Args={}
2025-03-22 21:20:21,802 : INFO : EventManager : Event: ======'ball_start_target'====== Args={'target': 'playfield'}
2025-03-22 21:20:21,803 : INFO : EventManager : Event: ======'slide_objective_slide_created'====== Args={'_from_bcp': True}
2025-03-22 21:20:21,803 : INFO : EventManager : Event: ======'slide_objective_slide_active'====== Args={'_from_bcp': True}
2025-03-22 21:20:21,803 : INFO : ball_device.bd_plunger_lane : Setting up player-controlled eject. Balls: 1, Target: <playfield.playfield>, player_controlled_eject_event: s_launcher_button_active
2025-03-22 21:20:21,803 : INFO : EventManager : Event: ======'balldevice_balls_available'====== Args={}
2025-03-22 21:20:21,804 : INFO : ball_device.bd_trough : State: waiting_for_target_ready
2025-03-22 21:20:21,804 : INFO : EventManager : Event: ======'balldevice_bd_trough_ball_eject_attempt'====== Args={'balls': 1, 'target': <ball_device.bd_plunger_lane>, 'source': <ball_device.bd_trough>, 'mechanical_eject': True, 'num_attempts': 0}
2025-03-22 21:20:21,804 : INFO : ball_device.bd_plunger_lane : State: waiting_for_ball
2025-03-22 21:20:21,804 : INFO : ball_device.bd_trough : State: ejecting
2025-03-22 21:20:21,806 : INFO : ball_device.bd_trough : Ejecting ball to <ball_device.bd_plunger_lane>
2025-03-22 21:20:21,806 : INFO : EventManager : Event: ======'balldevice_bd_trough_ejecting_ball'====== Args={'balls': 1, 'target': <ball_device.bd_plunger_lane>, 'source': <ball_device.bd_trough>, 'mechanical_eject': True, 'num_attempts': 0}
2025-03-22 21:20:21,806 : INFO : ball_device.bd_trough : Wait for ball to leave device
2025-03-22 21:20:21,806 : INFO : coil.c_trough_release : Pulsing Driver for 20ms (1.0 pulse_power)
2025-03-22 21:20:21,806 : INFO : SwitchController : <<<<<<< 's_trough1' inactive >>>>>>>
2025-03-22 21:20:21,810 : INFO : ball_device.bd_trough : State: ball_left
2025-03-22 21:20:21,810 : INFO : ball_device.bd_trough : Ball left
2025-03-22 21:20:21,811 : INFO : ball_device.bd_trough : Wait for confirm with timeout 3.0
2025-03-22 21:20:21,908 : INFO : SwitchController : <<<<<<< 's_plunger_lane' active >>>>>>>
2025-03-22 21:20:21,909 : INFO : EventManager : Event: ======'machine_var_audits_switches_s_plunger_lane'====== Args={'value': 151, 'prev_value': 150, 'change': 1}
2025-03-22 21:20:22,412 : INFO : ball_device.bd_plunger_lane : Received ball from <ball_device.bd_trough>
2025-03-22 21:20:22,412 : INFO : EventManager : Event: ======'balldevice_bd_plunger_lane_ball_enter'====== Args={'new_balls': 1, 'unclaimed_balls': 0, 'new_available_balls': 0, 'device': <ball_device.bd_plunger_lane>}
2025-03-22 21:20:22,415 : INFO : EventManager : Event: ======'balldevice_bd_plunger_lane_ball_entered'====== Args={'new_balls': 0, 'device': <ball_device.bd_plunger_lane>}
2025-03-22 21:20:22,417 : INFO : EventManager : Event: ======'balldevice_bd_plunger_lane_ball_count_changed'====== Args={'balls': 1}
2025-03-22 21:20:22,418 : INFO : ball_device.bd_trough : Got eject confirm
2025-03-22 21:20:22,418 : INFO : ball_device.bd_trough : Eject successful
2025-03-22 21:20:22,418 : INFO : EventManager : Event: ======'balldevice_bd_trough_ball_eject_success'====== Args={'balls': 1, 'target': <ball_device.bd_plunger_lane>}
2025-03-22 21:20:22,420 : INFO : EventManager : Event: ======'balldevice_bd_trough_ball_count_changed'====== Args={'balls': 2}
2025-03-22 21:20:22,421 : INFO : ball_device.bd_trough : State: idle
2025-03-22 21:20:22,423 : INFO : ball_device.bd_plunger_lane : State: waiting_for_target_ready
2025-03-22 21:20:22,424 : INFO : EventManager : Event: ======'balldevice_bd_plunger_lane_ball_eject_attempt'====== Args={'balls': 1, 'target': <playfield.playfield>, 'source': <ball_device.bd_plunger_lane>, 'mechanical_eject': True, 'num_attempts': 0}
2025-03-22 21:20:22,426 : INFO : ball_device.bd_plunger_lane : State: ejecting
2025-03-22 21:20:22,427 : INFO : ball_device.bd_plunger_lane : Ejecting ball to <playfield.playfield>
2025-03-22 21:20:22,427 : INFO : EventManager : Event: ======'balldevice_bd_plunger_lane_ejecting_ball'====== Args={'balls': 1, 'target': <playfield.playfield>, 'source': <ball_device.bd_plunger_lane>, 'mechanical_eject': True, 'num_attempts': 0}
2025-03-22 21:20:22,431 : INFO : ball_device.bd_plunger_lane : Wait for ball to leave device
2025-03-22 21:20:24,161 : INFO : EventManager : Event: ======'mode_intro_stopped'====== Args={}
2025-03-22 21:20:24,169 : INFO : EventManager : Event: ======'mode_base_will_start'====== Args={}
2025-03-22 21:20:24,172 : INFO : EventManager : Event: ======'mode_base_starting'====== Args={}
2025-03-22 21:20:24,173 : INFO : Mode.base : Started. Priority: 100
2025-03-22 21:20:24,173 : INFO : EventManager : Event: ======'modes_active_modes_changed'====== Args={}
2025-03-22 21:20:24,173 : INFO : EventManager : Event: ======'mode_base_started'====== Args={}
2025-03-22 21:20:24,175 : INFO : EventManager : Event: ======'cmd_flipper_enable'====== Args={'priority': 0}
2025-03-22 21:20:24,176 : INFO : EventManager : Event: ======'cmd_launcher_enable'====== Args={'priority': 0}
2025-03-22 21:20:24,178 : ERROR : asyncio : Exception in callback EventManager.process_event_queue()
handle: <Handle EventManager.process_event_queue()>
Traceback (most recent call last):
  File "C:\Users\duffb\.pyenv\pyenv-win\versions\3.11.0\Lib\site-packages\mpf\core\events.py", line 751, in _run_handlers
    result = handler.callback(**merged_kwargs)
             ^^^^^^^^^^^^^^^^^^^^^^^^^^^^^^^^^
  File "C:\Users\duffb\.pyenv\pyenv-win\versions\3.11.0\Lib\site-packages\mpf\devices\driver.py", line 220, in event_enable
    self.enable(pulse_ms, pulse_power, hold_power)
  File "C:\Users\duffb\.pyenv\pyenv-win\versions\3.11.0\Lib\site-packages\mpf\devices\driver.py", line 253, in enable
    raise DriverLimitsError("Cannot enable driver with hold_power 0.0")
mpf.exceptions.driver_limits_error.DriverLimitsError: Cannot enable driver with hold_power 0.0

The above exception was the direct cause of the following exception:

Traceback (most recent call last):
  File "C:\Users\duffb\.pyenv\pyenv-win\versions\3.11.0\Lib\asyncio\events.py", line 80, in _run
    self._context.run(self._callback, *self._args)
  File "C:\Users\duffb\.pyenv\pyenv-win\versions\3.11.0\Lib\site-packages\mpf\core\events.py", line 842, in process_event_queue
    self._process_event(event=event[0],
  File "C:\Users\duffb\.pyenv\pyenv-win\versions\3.11.0\Lib\site-packages\mpf\core\events.py", line 804, in _process_event
    result = self._run_handlers(event, ev_type, kwargs)
             ^^^^^^^^^^^^^^^^^^^^^^^^^^^^^^^^^^^^^^^^^^
  File "C:\Users\duffb\.pyenv\pyenv-win\versions\3.11.0\Lib\site-packages\mpf\core\events.py", line 753, in _run_handlers
    raise EventHandlerException(
mpf.core.events.EventHandlerException: Exception while processing RegisteredHandler(callback=<bound method Driver.event_enable of <coil.c_autolauncher>>, priority=3, kwargs={}, key=UUID('26872a9e-5058-4a5f-b1e8-d52f90df2e4d'), condition=None, blocking_facility=None) for event cmd_launcher_enable. Cannot enable driver with hold_power 0.0
2025-03-22 21:20:24,278 : INFO : Machine : Shutting down...
2025-03-22 21:20:24,278 : INFO : EventManager : Event: ======'shutdown'====== Args={}
2025-03-22 21:20:24,279 : INFO : EventManager : Event: ======'mode_game_will_stop'====== Args={}
2025-03-22 21:20:24,280 : INFO : EventManager : Event: ======'mode_game_stopping'====== Args={}
2025-03-22 21:20:24,280 : INFO : EventManager : Event: ======'mode_base_will_stop'====== Args={}
2025-03-22 21:20:24,281 : INFO : EventManager : Event: ======'mode_base_stopping'====== Args={}
2025-03-22 21:20:24,281 : INFO : EventManager : Event: ======'mode_intro_will_stop'====== Args={}
2025-03-22 21:20:24,281 : INFO : EventManager : Event: ======'mode_intro_stopping'====== Args={}
2025-03-22 21:20:24,282 : INFO : Mode.intro : Stopped.
2025-03-22 21:20:24,282 : INFO : EventManager : Event: ======'modes_active_modes_changed'====== Args={}
2025-03-22 21:20:24,282 : INFO : EventManager : Event: ======'mode_intro_stopped'====== Args={}
2025-03-22 21:20:24,283 : INFO : EventManager : Event: ======'clear'====== Args={'key': 'intro'}
2025-03-22 21:20:24,283 : INFO : Mode.base : Stopped.
2025-03-22 21:20:24,284 : INFO : EventManager : Event: ======'modes_active_modes_changed'====== Args={}
2025-03-22 21:20:24,284 : INFO : EventManager : Event: ======'mode_base_stopped'====== Args={}
2025-03-22 21:20:24,284 : INFO : EventManager : Event: ======'clear'====== Args={'key': 'base'}
2025-03-22 21:20:24,284 : INFO : Mode.game : Stopped.
2025-03-22 21:20:24,285 : INFO : EventManager : Event: ======'modes_active_modes_changed'====== Args={}
2025-03-22 21:20:24,285 : INFO : EventManager : Event: ======'mode_game_stopped'====== Args={}
2025-03-22 21:20:24,285 : INFO : EventManager : Event: ======'clear'====== Args={'key': 'game'}
2025-03-22 21:20:24,286 : ERROR : Machine : Runtime Exception
Traceback (most recent call last):
  File "C:\Users\duffb\.pyenv\pyenv-win\versions\3.11.0\Lib\site-packages\mpf\core\events.py", line 751, in _run_handlers
    result = handler.callback(**merged_kwargs)
             ^^^^^^^^^^^^^^^^^^^^^^^^^^^^^^^^^
  File "C:\Users\duffb\.pyenv\pyenv-win\versions\3.11.0\Lib\site-packages\mpf\devices\driver.py", line 220, in event_enable
    self.enable(pulse_ms, pulse_power, hold_power)
  File "C:\Users\duffb\.pyenv\pyenv-win\versions\3.11.0\Lib\site-packages\mpf\devices\driver.py", line 253, in enable
    raise DriverLimitsError("Cannot enable driver with hold_power 0.0")
mpf.exceptions.driver_limits_error.DriverLimitsError: Cannot enable driver with hold_power 0.0

The above exception was the direct cause of the following exception:

Traceback (most recent call last):
  File "C:\Users\duffb\.pyenv\pyenv-win\versions\3.11.0\Lib\site-packages\mpf\core\machine.py", line 794, in _run_loop
    raise self._exception['exception']
  File "C:\Users\duffb\.pyenv\pyenv-win\versions\3.11.0\Lib\asyncio\events.py", line 80, in _run
    self._context.run(self._callback, *self._args)
  File "C:\Users\duffb\.pyenv\pyenv-win\versions\3.11.0\Lib\site-packages\mpf\core\events.py", line 842, in process_event_queue
    self._process_event(event=event[0],
  File "C:\Users\duffb\.pyenv\pyenv-win\versions\3.11.0\Lib\site-packages\mpf\core\events.py", line 804, in _process_event
    result = self._run_handlers(event, ev_type, kwargs)
             ^^^^^^^^^^^^^^^^^^^^^^^^^^^^^^^^^^^^^^^^^^
  File "C:\Users\duffb\.pyenv\pyenv-win\versions\3.11.0\Lib\site-packages\mpf\core\events.py", line 753, in _run_handlers
    raise EventHandlerException(
mpf.core.events.EventHandlerException: Exception while processing RegisteredHandler(callback=<bound method Driver.event_enable of <coil.c_autolauncher>>, priority=3, kwargs={}, key=UUID('26872a9e-5058-4a5f-b1e8-d52f90df2e4d'), condition=None, blocking_facility=None) for event cmd_launcher_enable. Cannot enable driver with hold_power 0.0
2025-03-22 21:20:29,173 : ERROR : root : 
Traceback (most recent call last):
  File "C:\Users\duffb\.pyenv\pyenv-win\versions\3.11.0\Lib\site-packages\mpf\core\events.py", line 751, in _run_handlers
    result = handler.callback(**merged_kwargs)
             ^^^^^^^^^^^^^^^^^^^^^^^^^^^^^^^^^
  File "C:\Users\duffb\.pyenv\pyenv-win\versions\3.11.0\Lib\site-packages\mpf\devices\driver.py", line 220, in event_enable
    self.enable(pulse_ms, pulse_power, hold_power)
  File "C:\Users\duffb\.pyenv\pyenv-win\versions\3.11.0\Lib\site-packages\mpf\devices\driver.py", line 253, in enable
    raise DriverLimitsError("Cannot enable driver with hold_power 0.0")
mpf.exceptions.driver_limits_error.DriverLimitsError: Cannot enable driver with hold_power 0.0

The above exception was the direct cause of the following exception:

Traceback (most recent call last):
  File "C:\Users\duffb\.pyenv\pyenv-win\versions\3.11.0\Lib\site-packages\mpf\core\machine.py", line 794, in _run_loop
    raise self._exception['exception']
  File "C:\Users\duffb\.pyenv\pyenv-win\versions\3.11.0\Lib\asyncio\events.py", line 80, in _run
    self._context.run(self._callback, *self._args)
  File "C:\Users\duffb\.pyenv\pyenv-win\versions\3.11.0\Lib\site-packages\mpf\core\events.py", line 842, in process_event_queue
    self._process_event(event=event[0],
  File "C:\Users\duffb\.pyenv\pyenv-win\versions\3.11.0\Lib\site-packages\mpf\core\events.py", line 804, in _process_event
    result = self._run_handlers(event, ev_type, kwargs)
             ^^^^^^^^^^^^^^^^^^^^^^^^^^^^^^^^^^^^^^^^^^
  File "C:\Users\duffb\.pyenv\pyenv-win\versions\3.11.0\Lib\site-packages\mpf\core\events.py", line 753, in _run_handlers
    raise EventHandlerException(
mpf.core.events.EventHandlerException: Exception while processing RegisteredHandler(callback=<bound method Driver.event_enable of <coil.c_autolauncher>>, priority=3, kwargs={}, key=UUID('26872a9e-5058-4a5f-b1e8-d52f90df2e4d'), condition=None, blocking_facility=None) for event cmd_launcher_enable. Cannot enable driver with hold_power 0.0

During handling of the above exception, another exception occurred:

Traceback (most recent call last):
  File "C:\Users\duffb\.pyenv\pyenv-win\versions\3.11.0\Lib\site-packages\mpf\commands\game.py", line 240, in __init__
    self.machine.run()
  File "C:\Users\duffb\.pyenv\pyenv-win\versions\3.11.0\Lib\site-packages\mpf\core\machine.py", line 690, in run
    self._run_loop()
  File "C:\Users\duffb\.pyenv\pyenv-win\versions\3.11.0\Lib\site-packages\mpf\core\machine.py", line 797, in _run_loop
    report_crash(self._exception['exception'], "exception_during_run", self.config)
  File "C:\Users\duffb\.pyenv\pyenv-win\versions\3.11.0\Lib\site-packages\mpf\core\crash_reporter.py", line 236, in report_crash
    response = input("Do you want to report the crash to the MPF team (yes/no/show)? ")
               ^^^^^^^^^^^^^^^^^^^^^^^^^^^^^^^^^^^^^^^^^^^^^^^^^^^^^^^^^^^^^^^^^^^^^^^^
EOFError
