2025-02-24 13:04:10,846 : kivy : Config: Older configuration version detected (0 instead of 27)
2025-02-24 13:04:10,848 : kivy : Config: Upgrading configuration in progress.
2025-02-24 13:04:10,865 : kivy : deps: Successfully imported "kivy_deps.gstreamer" 0.3.3
2025-02-24 13:04:10,866 : kivy : deps: Successfully imported "kivy_deps.angle" 0.3.3
2025-02-24 13:04:10,868 : kivy : deps: Successfully imported "kivy_deps.glew" 0.3.1
2025-02-24 13:04:10,870 : kivy : deps: Successfully imported "kivy_deps.sdl2" 0.6.0
2025-02-24 13:04:10,870 : kivy : Kivy: v2.2.1
2025-02-24 13:04:10,873 : kivy : Kivy: Installed at "C:\Users\duffb\.pyenv\pyenv-win\versions\3.11.0\Lib\site-packages\kivy\__init__.py"
2025-02-24 13:04:10,874 : kivy : Python: v3.11.0 (main, Oct 24 2022, 18:26:48) [MSC v.1933 64 bit (AMD64)]
2025-02-24 13:04:10,876 : kivy : Python: Interpreter at "C:\Users\duffb\.pyenv\pyenv-win\versions\3.11.0\python.exe"
2025-02-24 13:04:11,997 : kivy : Factory: 190 symbols loaded
2025-02-24 13:04:17,155 : kivy : ImageLoaderFFPy: Using ffpyplayer 4.5.1
2025-02-24 13:04:17,156 : kivy : Image: Providers: img_tex, img_dds, img_sdl2, img_pil, img_ffpyplayer 
2025-02-24 13:04:20,108 : kivy : VideoGstplayer: Using Gstreamer 1.18.5.0
2025-02-24 13:04:20,108 : kivy : Video: Provider: gstplayer
2025-02-24 13:04:20,792 : root : Loading MPF-MC controller
2025-02-24 13:04:20,807 : YamlMultifileConfigLoader : Machine config file #1: config
2025-02-24 13:04:20,809 : ConfigProcessor : Loading config from file C:\Users\duffb\.pyenv\pyenv-win\versions\3.11.0\Lib\site-packages\mpfmc\mcconfig.yaml.
2025-02-24 13:04:20,862 : ConfigProcessor : Loading config: C:\Users\duffb\.pyenv\pyenv-win\versions\3.11.0\Lib\site-packages\mpfmc\mcconfig.yaml
2025-02-24 13:04:20,864 : ConfigProcessor : Config section 'slides' is removed in MPF 0.80 and will be ignored.
2025-02-24 13:04:20,867 : ConfigProcessor : Loading config from file C:\Users\duffb\OneDrive\Documents\Python Envs\PinBallWW1\Machine\config\config.
2025-02-24 13:04:20,874 : ConfigProcessor : Loading config: C:\Users\duffb\OneDrive\Documents\Python Envs\PinBallWW1\Machine\config\config
2025-02-24 13:04:20,876 : ConfigProcessor : Config file cache created: C:\Users\duffb\AppData\Local\Temp\de7a4651692d89380cb727f0a44dc491.mpf_cache
2025-02-24 13:04:20,878 : ConfigProcessor : Loading config from cache: C:\Users\duffb\AppData\Local\Temp\2d51d76727b268a801d8dd7a18b89879.mpf_cache
2025-02-24 13:04:20,883 : ConfigProcessor : Loading config from cache: C:\Users\duffb\AppData\Local\Temp\9f058d482eac17116727d62a93500be7.mpf_cache
2025-02-24 13:04:20,887 : mpfmc : Mission Pinball Framework Media Controller (MPF-MC) v0.57.1. Requires MPF v0.57.0 or newer.
2025-02-24 13:04:20,889 : mpfmc : Found MPF v0.80.0.dev6
2025-02-24 13:04:20,892 : mpfmc : Machine path: C:\Users\duffb\OneDrive\Documents\Python Envs\PinBallWW1\Machine
2025-02-24 13:04:20,894 : mpfmc : Starting clock at 60.0Hz
2025-02-24 13:04:21,444 : kivy : Text: Provider: sdl2
2025-02-24 13:04:21,800 : kivy : Window: Provider: sdl2
2025-02-24 13:04:23,286 : kivy : GL: Using the "OpenGL" graphics system
2025-02-24 13:04:23,288 : kivy : GL: GLEW initialization succeeded
2025-02-24 13:04:23,288 : kivy : GL: Backend used <glew>
2025-02-24 13:04:23,288 : kivy : GL: OpenGL version <b'4.6.0 - Build 31.0.101.5592'>
2025-02-24 13:04:23,289 : kivy : GL: OpenGL vendor <b'Intel'>
2025-02-24 13:04:23,289 : kivy : GL: OpenGL renderer <b'Intel(R) UHD Graphics'>
2025-02-24 13:04:23,289 : kivy : GL: OpenGL parsed version: 4, 6
2025-02-24 13:04:23,290 : kivy : GL: Shading version <b'4.60 - Build 31.0.101.5592'>
2025-02-24 13:04:23,290 : kivy : GL: Texture max size <16384>
2025-02-24 13:04:23,291 : kivy : GL: Texture max units <32>
2025-02-24 13:04:23,408 : kivy : Window: auto add sdl2 input provider
2025-02-24 13:04:23,409 : kivy : Window: virtual keyboard not allowed, single mode, not docked
2025-02-24 13:04:23,421 : SoundSystem : SoundSystem: Using default 'sound_system' settings
2025-02-24 13:05:12,461 : AudioInterface : Initialized
2025-02-24 13:05:12,461 : AudioInterface : Loaded SDL 2.26.4
2025-02-24 13:05:12,461 : AudioInterface : Loaded SDL_Mixer 2.6.3
2025-02-24 13:05:12,461 : AudioInterface : Loaded GStreamer 1.18.5.0
2025-02-24 13:05:12,462 : AudioInterface : Loaded GLib 2.62.6
2025-02-24 13:05:12,462 : AudioInterface : Settings requested - rate: 44100, channels: 1, buffer: 2048 samples
2025-02-24 13:05:12,462 : AudioInterface : Settings in use - rate: 44100, channels: 1, buffer: 2048 samples (4096 bytes @ 2 bytes per sample)
2025-02-24 13:05:12,463 : SoundSystem : No audio tracks are specified in your machine config file. a track named 'default' has been created.
2025-02-24 13:05:12,463 : SoundSystem : Setting master volume to 0.0
2025-02-24 13:05:12,463 : AudioInterface : Enabling audio playback
2025-02-24 13:05:12,466 : kivy : Base: Start application main loop
2025-02-24 13:05:12,467 : EventManager : Event: ======'display_default_initialized'====== Args={}
2025-02-24 13:05:12,541 : mpfmc : Display: Setting 'default' as default display
2025-02-24 13:05:12,565 : EventManager : Event: ======'displays_initialized'====== Args={}
2025-02-24 13:05:12,565 : kivy : Base: Leaving application in progress...
2025-02-24 13:05:12,567 : root : Exception while processing RegisteredHandler(callback=<bound method Display._finalize_setup of <Display name=default[800, 600], current slide=None, total slides=0>>, priority=10000, kwargs={}, key=UUID('3999d921-b659-4307-95dc-3db76a287c04'), condition=None, blocking_facility=None) for event displays_initialized. 'slides'
Traceback (most recent call last):
  File "C:\Users\duffb\.pyenv\pyenv-win\versions\3.11.0\Lib\site-packages\mpf\core\events.py", line 755, in _run_handlers
    result = handler.callback(**merged_kwargs)
             ^^^^^^^^^^^^^^^^^^^^^^^^^^^^^^^^^
  File "C:\Users\duffb\.pyenv\pyenv-win\versions\3.11.0\Lib\site-packages\mpfmc\uix\display.py", line 230, in _finalize_setup
    self.create_blank_slide()
  File "C:\Users\duffb\.pyenv\pyenv-win\versions\3.11.0\Lib\site-packages\mpfmc\uix\display.py", line 285, in create_blank_slide
    return self.add_slide(self._blank_slide_name)
           ^^^^^^^^^^^^^^^^^^^^^^^^^^^^^^^^^^^^^^
  File "C:\Users\duffb\.pyenv\pyenv-win\versions\3.11.0\Lib\site-packages\mpfmc\uix\display.py", line 316, in add_slide
    return Slide(mc=self.mc, name=name, target=self.name,
           ^^^^^^^^^^^^^^^^^^^^^^^^^^^^^^^^^^^^^^^^^^^^^^
  File "C:\Users\duffb\.pyenv\pyenv-win\versions\3.11.0\Lib\site-packages\mpfmc\uix\slide.py", line 54, in __init__
    config = self.mc.config_validator.validate_config('slides', dict())
             ^^^^^^^^^^^^^^^^^^^^^^^^^^^^^^^^^^^^^^^^^^^^^^^^^^^^^^^^^^
  File "C:\Users\duffb\.pyenv\pyenv-win\versions\3.11.0\Lib\site-packages\mpf\core\config_validator.py", line 164, in validate_config
    return self._validate_config(config_spec, source, base_spec=base_spec, add_missing_keys=add_missing_keys,
           ^^^^^^^^^^^^^^^^^^^^^^^^^^^^^^^^^^^^^^^^^^^^^^^^^^^^^^^^^^^^^^^^^^^^^^^^^^^^^^^^^^^^^^^^^^^^^^^^^^
  File "C:\Users\duffb\.pyenv\pyenv-win\versions\3.11.0\Lib\site-packages\mpf\core\config_validator.py", line 174, in _validate_config
    this_spec = self.build_spec(config_spec, base_spec)
                ^^^^^^^^^^^^^^^^^^^^^^^^^^^^^^^^^^^^^^^
  File "C:\Users\duffb\.pyenv\pyenv-win\versions\3.11.0\Lib\site-packages\mpf\core\config_validator.py", line 133, in build_spec
    this_base_spec = this_base_spec[spec]
                     ~~~~~~~~~~~~~~^^^^^^
KeyError: 'slides'

The above exception was the direct cause of the following exception:

Traceback (most recent call last):
  File "C:\Users\duffb\.pyenv\pyenv-win\versions\3.11.0\Lib\site-packages\mpfmc\commands\mc.py", line 217, in __init__
    thread_stopper=thread_stopper).run()
                                   ^^^^^
  File "C:\Users\duffb\.pyenv\pyenv-win\versions\3.11.0\Lib\site-packages\kivy\app.py", line 956, in run
    runTouchApp()
  File "C:\Users\duffb\.pyenv\pyenv-win\versions\3.11.0\Lib\site-packages\kivy\base.py", line 574, in runTouchApp
    EventLoop.mainloop()
  File "C:\Users\duffb\.pyenv\pyenv-win\versions\3.11.0\Lib\site-packages\kivy\base.py", line 339, in mainloop
    self.idle()
  File "C:\Users\duffb\.pyenv\pyenv-win\versions\3.11.0\Lib\site-packages\kivy\base.py", line 379, in idle
    Clock.tick()
  File "C:\Users\duffb\.pyenv\pyenv-win\versions\3.11.0\Lib\site-packages\kivy\clock.py", line 733, in tick
    self.post_idle(ts, self.idle())
  File "C:\Users\duffb\.pyenv\pyenv-win\versions\3.11.0\Lib\site-packages\kivy\clock.py", line 776, in post_idle
    self._process_events()
  File "kivy\_clock.pyx", line 620, in kivy._clock.CyClockBase._process_events
  File "kivy\_clock.pyx", line 653, in kivy._clock.CyClockBase._process_events
  File "kivy\_clock.pyx", line 649, in kivy._clock.CyClockBase._process_events
  File "kivy\_clock.pyx", line 218, in kivy._clock.ClockEvent.tick
  File "C:\Users\duffb\.pyenv\pyenv-win\versions\3.11.0\Lib\site-packages\mpfmc\uix\display.py", line 211, in _displays_initialized
    self.mc.displays_initialized()
  File "C:\Users\duffb\.pyenv\pyenv-win\versions\3.11.0\Lib\site-packages\mpfmc\core\mc.py", line 345, in displays_initialized
    self.events.process_event_queue()
  File "C:\Users\duffb\.pyenv\pyenv-win\versions\3.11.0\Lib\site-packages\mpf\core\events.py", line 846, in process_event_queue
    self._process_event(event=event[0],
  File "C:\Users\duffb\.pyenv\pyenv-win\versions\3.11.0\Lib\site-packages\mpf\core\events.py", line 808, in _process_event
    result = self._run_handlers(event, ev_type, kwargs)
             ^^^^^^^^^^^^^^^^^^^^^^^^^^^^^^^^^^^^^^^^^^
  File "C:\Users\duffb\.pyenv\pyenv-win\versions\3.11.0\Lib\site-packages\mpf\core\events.py", line 757, in _run_handlers
    raise EventHandlerException(
mpf.core.events.EventHandlerException: Exception while processing RegisteredHandler(callback=<bound method Display._finalize_setup of <Display name=default[800, 600], current slide=None, total slides=0>>, priority=10000, kwargs={}, key=UUID('3999d921-b659-4307-95dc-3db76a287c04'), condition=None, blocking_facility=None) for event displays_initialized. 'slides'
2025-02-24 13:05:12,578 : root : Stopping child threads... (1 remaining)
