2025-03-19 13:50:09,247 : kivy : deps: Successfully imported "kivy_deps.gstreamer" 0.3.3
2025-03-19 13:50:09,249 : kivy : deps: Successfully imported "kivy_deps.angle" 0.3.3
2025-03-19 13:50:09,249 : kivy : deps: Successfully imported "kivy_deps.glew" 0.3.1
2025-03-19 13:50:09,249 : kivy : deps: Successfully imported "kivy_deps.sdl2" 0.6.0
2025-03-19 13:50:09,249 : kivy : Kivy: v2.2.1
2025-03-19 13:50:09,249 : kivy : Kivy: Installed at "C:\Users\duffb\.pyenv\pyenv-win\versions\3.11.0\Lib\site-packages\kivy\__init__.py"
2025-03-19 13:50:09,249 : kivy : Python: v3.11.0 (main, Oct 24 2022, 18:26:48) [MSC v.1933 64 bit (AMD64)]
2025-03-19 13:50:09,249 : kivy : Python: Interpreter at "C:\Users\duffb\.pyenv\pyenv-win\versions\3.11.0\python.exe"
2025-03-19 13:50:09,269 : kivy : Factory: 190 symbols loaded
2025-03-19 13:50:09,478 : kivy : ImageLoaderFFPy: Using ffpyplayer 4.5.1
2025-03-19 13:50:09,478 : kivy : Image: Providers: img_tex, img_dds, img_sdl2, img_pil, img_ffpyplayer 
2025-03-19 13:50:09,759 : kivy : VideoGstplayer: Using Gstreamer 1.18.5.0
2025-03-19 13:50:09,759 : kivy : Video: Provider: gstplayer
2025-03-19 13:50:09,811 : root : Loading MPF-MC controller
2025-03-19 13:50:09,834 : YamlMultifileConfigLoader : Machine config file #1: config
2025-03-19 13:50:09,834 : ConfigProcessor : Config file in cache changed: C:\Users\duffb\OneDrive\Documents\Python Envs\PinBallWW1\Machine\config\config
2025-03-19 13:50:09,834 : ConfigProcessor : Loading config from file C:\Users\duffb\.pyenv\pyenv-win\versions\3.11.0\Lib\site-packages\mpfmc\mcconfig.yaml.
2025-03-19 13:50:09,841 : ConfigProcessor : Loading config: C:\Users\duffb\.pyenv\pyenv-win\versions\3.11.0\Lib\site-packages\mpfmc\mcconfig.yaml
2025-03-19 13:50:09,842 : ConfigProcessor : Loading config from file C:\Users\duffb\OneDrive\Documents\Python Envs\PinBallWW1\Machine\config\config.
2025-03-19 13:50:09,846 : ConfigProcessor : Loading config: C:\Users\duffb\OneDrive\Documents\Python Envs\PinBallWW1\Machine\config\config
2025-03-19 13:50:09,847 : ConfigProcessor : Config file cache created: C:\Users\duffb\AppData\Local\Temp\de7a4651692d89380cb727f0a44dc491.mpf_cache
2025-03-19 13:50:09,848 : ConfigProcessor : Loading config from cache: C:\Users\duffb\AppData\Local\Temp\ee7db1e8d011f44c876692bb4657f2e9.mpf_cache
2025-03-19 13:50:09,848 : ConfigProcessor : Loading config from cache: C:\Users\duffb\AppData\Local\Temp\9f058d482eac17116727d62a93500be7.mpf_cache
2025-03-19 13:50:09,849 : ConfigProcessor : Loading config from cache: C:\Users\duffb\AppData\Local\Temp\2c9362052ff91db960f514d041b7f4e4.mpf_cache
2025-03-19 13:50:09,849 : ConfigProcessor : Loading config from cache: C:\Users\duffb\AppData\Local\Temp\9e006ea23aa21ec68e01f6c49afad9f4.mpf_cache
2025-03-19 13:50:09,850 : mpfmc : Mission Pinball Framework Media Controller (MPF-MC) v0.57.1. Requires MPF v0.57.0 or newer.
2025-03-19 13:50:09,850 : mpfmc : Found MPF v0.57.0
2025-03-19 13:50:09,850 : mpfmc : Machine path: C:\Users\duffb\OneDrive\Documents\Python Envs\PinBallWW1\Machine
2025-03-19 13:50:09,850 : mpfmc : Starting clock at 60.0Hz
2025-03-19 13:50:09,868 : kivy : Text: Provider: sdl2
2025-03-19 13:50:09,923 : kivy : Window: Provider: sdl2
2025-03-19 13:50:10,138 : kivy : GL: Using the "OpenGL" graphics system
2025-03-19 13:50:10,140 : kivy : GL: GLEW initialization succeeded
2025-03-19 13:50:10,140 : kivy : GL: Backend used <glew>
2025-03-19 13:50:10,140 : kivy : GL: OpenGL version <b'4.6.0 - Build 31.0.101.5592'>
2025-03-19 13:50:10,140 : kivy : GL: OpenGL vendor <b'Intel'>
2025-03-19 13:50:10,140 : kivy : GL: OpenGL renderer <b'Intel(R) UHD Graphics'>
2025-03-19 13:50:10,140 : kivy : GL: OpenGL parsed version: 4, 6
2025-03-19 13:50:10,141 : kivy : GL: Shading version <b'4.60 - Build 31.0.101.5592'>
2025-03-19 13:50:10,141 : kivy : GL: Texture max size <16384>
2025-03-19 13:50:10,141 : kivy : GL: Texture max units <32>
2025-03-19 13:50:10,169 : kivy : Window: auto add sdl2 input provider
2025-03-19 13:50:10,169 : kivy : Window: virtual keyboard not allowed, single mode, not docked
2025-03-19 13:50:10,582 : AudioInterface : Initialized
2025-03-19 13:50:10,582 : AudioInterface : Loaded SDL 2.26.4
2025-03-19 13:50:10,582 : AudioInterface : Loaded SDL_Mixer 2.6.3
2025-03-19 13:50:10,582 : AudioInterface : Loaded GStreamer 1.18.5.0
2025-03-19 13:50:10,582 : AudioInterface : Loaded GLib 2.62.6
2025-03-19 13:50:10,582 : AudioInterface : Settings requested - rate: 44100, channels: 1, buffer: 2048 samples
2025-03-19 13:50:10,582 : AudioInterface : Settings in use - rate: 44100, channels: 1, buffer: 2048 samples (4096 bytes @ 2 bytes per sample)
2025-03-19 13:50:10,583 : SoundSystem : Setting master volume to 0.0
2025-03-19 13:50:10,583 : AudioInterface : Enabling audio playback
2025-03-19 13:50:10,584 : kivy : Base: Start application main loop
2025-03-19 13:50:10,585 : EventManager : Event: ======'display_window_initialized'====== Args={}
2025-03-19 13:50:10,591 : mpfmc : Display: Setting 'window' as default display
2025-03-19 13:50:10,598 : EventManager : Event: ======'displays_initialized'====== Args={}
2025-03-19 13:50:10,599 : EventManager : Event: ======'slide_window_blank_created'====== Args={}
2025-03-19 13:50:10,599 : EventManager : Event: ======'display_window_ready'====== Args={}
2025-03-19 13:50:10,620 : EventManager : Event: ======'init_phase_1'====== Args={}
2025-03-19 13:50:10,624 : EventManager : Event: ======'mc_ready'====== Args={}
2025-03-19 13:50:10,625 : EventManager : Event: ======'init_phase_2'====== Args={}
2025-03-19 13:50:10,626 : EventManager : Event: ======'init_phase_3'====== Args={}
2025-03-19 13:50:10,628 : EventManager : Event: ======'init_phase_4'====== Args={}
2025-03-19 13:50:10,629 : EventManager : Event: ======'init_phase_5'====== Args={}
2025-03-19 13:50:10,640 : kivy : GL: NPOT texture support is available
2025-03-19 13:50:10,648 : EventManager : Event: ======'loading_assets'====== Args={'total': 5, 'loaded': 1, 'remaining': 4, 'percent': 20}
2025-03-19 13:50:10,649 : AssetManager : Loading assets: 1/5 (20%)
2025-03-19 13:50:11,592 : mpfmc : Shutting down due to child thread crash
2025-03-19 13:50:11,592 : mpfmc : Crash details: Traceback (most recent call last):
  File "C:\Users\duffb\.pyenv\pyenv-win\versions\3.11.0\Lib\site-packages\mpfmc\core\assets.py", line 116, in run
    asset.do_load()
  File "C:\Users\duffb\.pyenv\pyenv-win\versions\3.11.0\Lib\site-packages\mpfmc\assets\image.py", line 243, in do_load
    self._image = Image(self.config['file'],
                  ^^^^^^^^^^^^^^^^^^^^^^^^^^
  File "C:\Users\duffb\.pyenv\pyenv-win\versions\3.11.0\Lib\site-packages\kivy\core\image\__init__.py", line 561, in __init__
    self.filename = arg
    ^^^^^^^^^^^^^
  File "C:\Users\duffb\.pyenv\pyenv-win\versions\3.11.0\Lib\site-packages\kivy\core\image\__init__.py", line 754, in _set_filename
    image = ImageLoader.load(
            ^^^^^^^^^^^^^^^^^
  File "C:\Users\duffb\.pyenv\pyenv-win\versions\3.11.0\Lib\site-packages\kivy\core\image\__init__.py", line 454, in load
    ext = imghdr.what(filename) or ext
          ^^^^^^^^^^^^^^^^^^^^^
  File "C:\Users\duffb\.pyenv\pyenv-win\versions\3.11.0\Lib\imghdr.py", line 24, in what
    location = file.tell()
               ^^^^^^^^^
AttributeError: 'NoneType' object has no attribute 'tell'

The above exception was the direct cause of the following exception:

Traceback (most recent call last):
  File "C:\Users\duffb\.pyenv\pyenv-win\versions\3.11.0\Lib\site-packages\mpfmc\core\assets.py", line 118, in run
    raise ConfigFileError(
mpf.exceptions.config_file_error.ConfigFileError: Config File Error in Asset Loader: Error while loading images asset file 'C:\Users\duffb\OneDrive\Documents\Python Envs\PinBallWW1\Machine\modes\attract\images\start.jpg' Context: start Error Code: CFE-Asset_Loader-1 (https://missionpinball.org/logs)

2025-03-19 13:50:11,592 : mpfmc : Stopping...
2025-03-19 13:50:11,593 : EventManager : Event: ======'shutdown'====== Args={}
2025-03-19 13:50:11,593 : AudioInterface : Disabling audio playback
2025-03-19 13:50:11,714 : mpfmc : Loop rate 69.03 Hz
2025-03-19 13:50:11,714 : kivy : Base: Leaving application in progress...
2025-03-19 13:50:11,714 : mpfmc : Stopping...
2025-03-19 13:50:11,714 : EventManager : Event: ======'shutdown'====== Args={}
2025-03-19 13:50:11,715 : mpfmc : Loop rate 68.94 Hz
2025-03-19 13:50:11,715 : root : MC run loop ended.
2025-03-19 13:50:11,715 : root : Stopping child threads... (0 remaining)
2025-03-19 13:50:11,715 : root : All child threads stopped.
