2025-03-22 22:09:06,733 : INFO : root : Loading config.
2025-03-22 22:09:06,736 : INFO : YamlMultifileConfigLoader : Machine config file #1: config.yaml
2025-03-22 22:09:06,737 : INFO : ConfigProcessor : Loading config from cache: C:\Users\duffb\AppData\Local\Temp\cadfdee4981114acd6fff59d1071b59b.mpf_cache
2025-03-22 22:09:06,828 : INFO : ConfigProcessor : Loading config from cache: C:\Users\duffb\AppData\Local\Temp\ee7db1e8d011f44c876692bb4657f2e9.mpf_cache
2025-03-22 22:09:06,829 : INFO : ConfigProcessor : Loading config from cache: C:\Users\duffb\AppData\Local\Temp\9f058d482eac17116727d62a93500be7.mpf_cache
2025-03-22 22:09:06,830 : INFO : ConfigProcessor : Loading config from cache: C:\Users\duffb\AppData\Local\Temp\2c9362052ff91db960f514d041b7f4e4.mpf_cache
2025-03-22 22:09:06,831 : INFO : ConfigProcessor : Loading config from cache: C:\Users\duffb\AppData\Local\Temp\9e006ea23aa21ec68e01f6c49afad9f4.mpf_cache
2025-03-22 22:09:06,832 : INFO : ConfigProcessor : Loading config from cache: C:\Users\duffb\AppData\Local\Temp\fd253b339e263587268891c4dd997fbd.mpf_cache
2025-03-22 22:09:06,832 : INFO : ConfigProcessor : Loading config from cache: C:\Users\duffb\AppData\Local\Temp\c114ce798d07012a33b8b14d8f953bb7.mpf_cache
2025-03-22 22:09:06,833 : INFO : ConfigProcessor : Loading config from cache: C:\Users\duffb\AppData\Local\Temp\ef70c2e65c3659b77bacdd3a7a24b233.mpf_cache
2025-03-22 22:09:06,833 : INFO : ConfigProcessor : Loading config from cache: C:\Users\duffb\AppData\Local\Temp\ec6e376f0ea10a5fdf8f7130b4bbbe7c.mpf_cache
2025-03-22 22:09:06,834 : INFO : Machine : Mission Pinball Framework Core Engine v0.57.0
2025-03-22 22:09:06,834 : INFO : Machine : Command line arguments: {'no_load_cache': False, 'create_config_cache': True, 'bcp': True, 'configfile': ['config.yaml'], 'force_assets_load': False, 'platform_integration_test': False, 'jsonlogging': False, 'logfile': 'logs\\2025-03-22-22-09-06-mpf-T0SHIII.log', 'pause': False, 'production': False, 'text_ui': True, 'loglevel': 15, 'consoleloglevel': 20, 'force_platform': None, 'syslog_address': None, 'mc_file_name': None, 'no_sound': False}
2025-03-22 22:09:06,834 : INFO : Machine : MPF path: C:\Users\duffb\.pyenv\pyenv-win\versions\3.11.0\Lib\site-packages\mpf
2025-03-22 22:09:06,834 : INFO : Machine : Machine path: C:\Users\duffb\OneDrive\Documents\Python Envs\PinBallWW1\Machine
2025-03-22 22:09:06,834 : INFO : Machine : Platform: win32
2025-03-22 22:09:06,834 : INFO : Machine : Python executable location: C:\Users\duffb\.pyenv\pyenv-win\versions\3.11.0\python.exe
2025-03-22 22:09:06,834 : INFO : Machine : Python version: 3.11.0 (64-bit)
2025-03-22 22:09:06,836 : INFO : Machine : Initializing MPF...
2025-03-22 22:09:07,082 : INFO : EventManager : Event: ======'machine_var_credits_string'====== Args={'value': 'FREE PLAY', 'prev_value': None, 'change': True}
2025-03-22 22:09:07,162 : INFO : EventManager : Event: ======'machine_var_master_volume'====== Args={'value': 0.5, 'prev_value': None, 'change': True}
2025-03-22 22:09:07,162 : INFO : EventManager : Event: ======'machine_var_player1_score'====== Args={'value': 8000, 'prev_value': None, 'change': True}
2025-03-22 22:09:07,162 : INFO : EventManager : Event: ======'machine_var_player2_score'====== Args={'value': 1000, 'prev_value': None, 'change': True}
2025-03-22 22:09:07,162 : INFO : EventManager : Event: ======'machine_var_mpf_version'====== Args={'value': 'Mission Pinball Framework v0.57.0', 'prev_value': None, 'change': True}
2025-03-22 22:09:07,162 : INFO : EventManager : Event: ======'machine_var_mpf_extended_version'====== Args={'value': 'Mission Pinball Framework v0.57.0, Config version:6, Show version: 6, BCP version:1.1', 'prev_value': None, 'change': True}
2025-03-22 22:09:07,162 : INFO : EventManager : Event: ======'machine_var_python_version'====== Args={'value': '3.11.0', 'prev_value': None, 'change': True}
2025-03-22 22:09:07,182 : INFO : EventManager : Event: ======'machine_var_platform'====== Args={'value': 'Windows-10-10.0.26100-SP0', 'prev_value': None, 'change': True}
2025-03-22 22:09:07,183 : INFO : EventManager : Event: ======'machine_var_platform_system'====== Args={'value': 'Windows', 'prev_value': None, 'change': True}
2025-03-22 22:09:07,183 : INFO : EventManager : Event: ======'machine_var_platform_release'====== Args={'value': '10', 'prev_value': None, 'change': True}
2025-03-22 22:09:07,183 : INFO : EventManager : Event: ======'machine_var_platform_version'====== Args={'value': '10.0.26100', 'prev_value': None, 'change': True}
2025-03-22 22:09:07,183 : INFO : EventManager : Event: ======'machine_var_platform_machine'====== Args={'value': 'AMD64', 'prev_value': None, 'change': True}
2025-03-22 22:09:07,183 : INFO : EventManager : Event: ======'init_phase_1'====== Args={}
2025-03-22 22:09:07,214 : INFO : EventManager : Event: ======'init_phase_2'====== Args={}
2025-03-22 22:09:07,214 : INFO : SwitchController : Found active switch: ('3', <Platform.SmartVirtual>) <switch.s_trough1>
2025-03-22 22:09:07,214 : INFO : SwitchController : Found active switch: ('4', <Platform.SmartVirtual>) <switch.s_trough2>
2025-03-22 22:09:07,214 : INFO : SwitchController : Found active switch: ('5', <Platform.SmartVirtual>) <switch.s_trough3>
2025-03-22 22:09:07,216 : INFO : EventManager : Event: ======'bcp_connection_attempt'====== Args={'name': 'local_display', 'host': 'localhost', 'port': 5050}
2025-03-22 22:09:07,218 : INFO : BCPClientSocket : Connecting BCP to 'local_display' at localhost:5050...
2025-03-22 22:09:09,269 : INFO : BCPClientSocket : Connected BCP to 'local_display' localhost:5050
2025-03-22 22:09:09,270 : INFO : EventManager : Event: ======'bcp_clients_connected'====== Args={}
2025-03-22 22:09:09,586 : INFO : ball_device.bd_trough : BCH: Initial count: 3
2025-03-22 22:09:09,589 : INFO : EventManager : Event: ======'machine_var_mc_version'====== Args={'value': 'MPF-MC v0.57.1', 'prev_value': None, 'change': True}
2025-03-22 22:09:09,590 : INFO : EventManager : Event: ======'machine_var_mc_extended_version'====== Args={'value': 'MPF-MC v0.57.1 (config_version=6, BCP v1.1,                      Requires MPF API compatibility v0.57.0 or newer)', 'prev_value': None, 'change': True}
2025-03-22 22:09:09,596 : INFO : ball_device.bd_trough : State: idle
2025-03-22 22:09:09,692 : INFO : ball_device.bd_plunger_lane : BCH: Initial count: 0
2025-03-22 22:09:09,693 : INFO : ball_device.bd_plunger_lane : State: idle
2025-03-22 22:09:09,749 : INFO : EventManager : Event: ======'init_phase_3'====== Args={}
2025-03-22 22:09:09,783 : INFO : EventManager : Event: ======'init_phase_4'====== Args={}
2025-03-22 22:09:09,784 : INFO : BallController : Initial balls found: 3
2025-03-22 22:09:09,786 : INFO : EventManager : Event: ======'machine_var_audits_events_game_ended'====== Args={'value': 13, 'prev_value': None, 'change': True}
2025-03-22 22:09:09,787 : INFO : EventManager : Event: ======'machine_var_audits_events_game_started'====== Args={'value': 68, 'prev_value': None, 'change': True}
2025-03-22 22:09:09,788 : INFO : EventManager : Event: ======'machine_var_audits_missing_switches_s_Lane1'====== Args={'value': 16, 'prev_value': None, 'change': True}
2025-03-22 22:09:09,789 : INFO : EventManager : Event: ======'machine_var_audits_missing_switches_s_Lane2'====== Args={'value': 16, 'prev_value': None, 'change': True}
2025-03-22 22:09:09,789 : INFO : EventManager : Event: ======'machine_var_audits_missing_switches_s_Lane3'====== Args={'value': 16, 'prev_value': None, 'change': True}
2025-03-22 22:09:09,789 : INFO : EventManager : Event: ======'machine_var_audits_missing_switches_s_Lane4'====== Args={'value': 16, 'prev_value': None, 'change': True}
2025-03-22 22:09:09,790 : INFO : EventManager : Event: ======'machine_var_audits_missing_switches_s_Target1'====== Args={'value': 16, 'prev_value': None, 'change': True}
2025-03-22 22:09:09,790 : INFO : EventManager : Event: ======'machine_var_audits_missing_switches_s_Target2'====== Args={'value': 16, 'prev_value': None, 'change': True}
2025-03-22 22:09:09,790 : INFO : EventManager : Event: ======'machine_var_audits_missing_switches_s_Target3'====== Args={'value': 16, 'prev_value': None, 'change': True}
2025-03-22 22:09:09,790 : INFO : EventManager : Event: ======'machine_var_audits_missing_switches_s_Target4'====== Args={'value': 16, 'prev_value': None, 'change': True}
2025-03-22 22:09:09,792 : INFO : EventManager : Event: ======'machine_var_audits_missing_switches_s_drain'====== Args={'value': 6, 'prev_value': None, 'change': True}
2025-03-22 22:09:09,792 : INFO : EventManager : Event: ======'machine_var_audits_missing_switches_s_launcher_button'====== Args={'value': 4, 'prev_value': None, 'change': True}
2025-03-22 22:09:09,792 : INFO : EventManager : Event: ======'machine_var_audits_missing_switches_s_left_flipper'====== Args={'value': 16, 'prev_value': None, 'change': True}
2025-03-22 22:09:09,793 : INFO : EventManager : Event: ======'machine_var_audits_missing_switches_s_playfield_entry'====== Args={'value': 4, 'prev_value': None, 'change': True}
2025-03-22 22:09:09,793 : INFO : EventManager : Event: ======'machine_var_audits_missing_switches_s_right_flipper'====== Args={'value': 16, 'prev_value': None, 'change': True}
2025-03-22 22:09:09,793 : INFO : EventManager : Event: ======'machine_var_audits_missing_switches_s_start_button'====== Args={'value': 3, 'prev_value': None, 'change': True}
2025-03-22 22:09:09,794 : INFO : EventManager : Event: ======'machine_var_audits_missing_switches_s_trough1'====== Args={'value': 21, 'prev_value': None, 'change': True}
2025-03-22 22:09:09,794 : INFO : EventManager : Event: ======'machine_var_audits_missing_switches_s_trough2'====== Args={'value': 24, 'prev_value': None, 'change': True}
2025-03-22 22:09:09,795 : INFO : EventManager : Event: ======'machine_var_audits_missing_switches_s_trough3'====== Args={'value': 28, 'prev_value': None, 'change': True}
2025-03-22 22:09:09,795 : INFO : EventManager : Event: ======'machine_var_audits_missing_switches_s_trough_enter'====== Args={'value': 23, 'prev_value': None, 'change': True}
2025-03-22 22:09:09,795 : INFO : EventManager : Event: ======'machine_var_audits_player_score'====== Args={'value': {'average': 124, 'top': [8000, 1000, 0, 0, 0, 0, 0, 0, 0, 0], 'total': 16}, 'prev_value': None, 'change': True}
2025-03-22 22:09:09,796 : INFO : EventManager : Event: ======'machine_var_audits_switches_s_Lane1'====== Args={'value': 36, 'prev_value': None, 'change': True}
2025-03-22 22:09:09,798 : INFO : EventManager : Event: ======'machine_var_audits_switches_s_Lane2'====== Args={'value': 25, 'prev_value': None, 'change': True}
2025-03-22 22:09:09,798 : INFO : EventManager : Event: ======'machine_var_audits_switches_s_Lane3'====== Args={'value': 22, 'prev_value': None, 'change': True}
2025-03-22 22:09:09,799 : INFO : EventManager : Event: ======'machine_var_audits_switches_s_Lane4'====== Args={'value': 26, 'prev_value': None, 'change': True}
2025-03-22 22:09:09,800 : INFO : EventManager : Event: ======'machine_var_audits_switches_s_Target1'====== Args={'value': 66, 'prev_value': None, 'change': True}
2025-03-22 22:09:09,800 : INFO : EventManager : Event: ======'machine_var_audits_switches_s_Target2'====== Args={'value': 59, 'prev_value': None, 'change': True}
2025-03-22 22:09:09,800 : INFO : EventManager : Event: ======'machine_var_audits_switches_s_Target3'====== Args={'value': 64, 'prev_value': None, 'change': True}
2025-03-22 22:09:09,801 : INFO : EventManager : Event: ======'machine_var_audits_switches_s_Target4'====== Args={'value': 51, 'prev_value': None, 'change': True}
2025-03-22 22:09:09,801 : INFO : EventManager : Event: ======'machine_var_audits_switches_s_drain'====== Args={'value': 0, 'prev_value': None, 'change': True}
2025-03-22 22:09:09,802 : INFO : EventManager : Event: ======'machine_var_audits_switches_s_launcher_button'====== Args={'value': 103, 'prev_value': None, 'change': True}
2025-03-22 22:09:09,802 : INFO : EventManager : Event: ======'machine_var_audits_switches_s_left_flipper'====== Args={'value': 103, 'prev_value': None, 'change': True}
2025-03-22 22:09:09,802 : INFO : EventManager : Event: ======'machine_var_audits_switches_s_playfield_entry'====== Args={'value': 205, 'prev_value': None, 'change': True}
2025-03-22 22:09:09,802 : INFO : EventManager : Event: ======'machine_var_audits_switches_s_plunger_lane'====== Args={'value': 152, 'prev_value': None, 'change': True}
2025-03-22 22:09:09,803 : INFO : EventManager : Event: ======'machine_var_audits_switches_s_pointTarget'====== Args={'value': 193, 'prev_value': None, 'change': True}
2025-03-22 22:09:09,803 : INFO : EventManager : Event: ======'machine_var_audits_switches_s_right_flipper'====== Args={'value': 95, 'prev_value': None, 'change': True}
2025-03-22 22:09:09,805 : INFO : EventManager : Event: ======'machine_var_audits_switches_s_start_button'====== Args={'value': 0, 'prev_value': None, 'change': True}
2025-03-22 22:09:09,805 : INFO : EventManager : Event: ======'machine_var_audits_switches_s_trough1'====== Args={'value': 109, 'prev_value': None, 'change': True}
2025-03-22 22:09:09,806 : INFO : EventManager : Event: ======'machine_var_audits_switches_s_trough2'====== Args={'value': 17, 'prev_value': None, 'change': True}
2025-03-22 22:09:09,806 : INFO : EventManager : Event: ======'machine_var_audits_switches_s_trough3'====== Args={'value': 14, 'prev_value': None, 'change': True}
2025-03-22 22:09:09,807 : INFO : EventManager : Event: ======'machine_var_audits_switches_s_trough_enter'====== Args={'value': 1, 'prev_value': None, 'change': True}
2025-03-22 22:09:09,809 : INFO : EventManager : Event: ======'init_phase_5'====== Args={}
2025-03-22 22:09:09,872 : INFO : EventManager : Event: ======'init_done'====== Args={}
2025-03-22 22:09:09,873 : INFO : EventManager : Event: ======'machine_reset_phase_1'====== Args={}
2025-03-22 22:09:09,876 : INFO : EventManager : Event: ======'slide_welcome_slide_removed'====== Args={'_from_bcp': True}
2025-03-22 22:09:09,880 : INFO : EventManager : Event: ======'slide_welcome_slide_created'====== Args={'_from_bcp': True}
2025-03-22 22:09:09,882 : INFO : EventManager : Event: ======'machine_reset_phase_2'====== Args={}
2025-03-22 22:09:09,882 : INFO : EventManager : Event: ======'machine_reset_phase_3'====== Args={}
2025-03-22 22:09:09,882 : INFO : EventManager : Event: ======'reset_complete'====== Args={}
2025-03-22 22:09:09,883 : INFO : EventManager : Event: ======'mode_attract_will_start'====== Args={}
2025-03-22 22:09:09,885 : INFO : EventManager : Event: ======'mode_attract_starting'====== Args={}
2025-03-22 22:09:09,885 : INFO : Mode.attract : Started. Priority: 10
2025-03-22 22:09:09,885 : INFO : EventManager : Event: ======'modes_active_modes_changed'====== Args={}
2025-03-22 22:09:09,885 : INFO : EventManager : Event: ======'mode_attract_started'====== Args={}
2025-03-22 22:09:09,887 : INFO : EventManager : Event: ======'cmd_flipper_disable'====== Args={'priority': 0}
2025-03-22 22:09:09,887 : INFO : EventManager : Event: ======'cmd_launcher_disable'====== Args={'priority': 0}
2025-03-22 22:09:09,888 : INFO : coil.c_autolauncher : Disabling Driver
2025-03-22 22:09:09,888 : INFO : EventManager : Event: ======'collecting_balls_complete'====== Args={}
2025-03-22 22:09:09,948 : INFO : EventManager : Event: ======'slide_welcome_slide_active'====== Args={'_from_bcp': True}
2025-03-22 22:09:09,962 : INFO : EventManager : Event: ======'slide_ship_slide_created'====== Args={'_from_bcp': True}
2025-03-22 22:09:09,963 : INFO : EventManager : Event: ======'slide_ship_slide_active'====== Args={'_from_bcp': True}
2025-03-22 22:09:09,988 : INFO : BcpServer : New client connected.
2025-03-22 22:09:09,989 : INFO : Machine : Starting the main run loop.
2025-03-22 22:09:14,942 : INFO : EventManager : Event: ======'slide_starting_slide_created'====== Args={'_from_bcp': True}
2025-03-22 22:09:14,943 : INFO : EventManager : Event: ======'slide_starting_slide_active'====== Args={'_from_bcp': True}
2025-03-22 22:09:19,922 : INFO : EventManager : Event: ======'slide_company_slide_created'====== Args={'_from_bcp': True}
2025-03-22 22:09:19,940 : INFO : EventManager : Event: ======'slide_company_slide_active'====== Args={'_from_bcp': True}
2025-03-22 22:09:24,934 : INFO : EventManager : Event: ======'slide_lastgame_slide_created'====== Args={'_from_bcp': True}
2025-03-22 22:09:24,972 : INFO : EventManager : Event: ======'slide_lastgame_slide_active'====== Args={'_from_bcp': True}
2025-03-22 22:09:29,908 : INFO : EventManager : Event: ======'slide_ship_slide_removed'====== Args={'_from_bcp': True}
2025-03-22 22:09:29,917 : INFO : EventManager : Event: ======'slide_ship_slide_created'====== Args={'_from_bcp': True}
2025-03-22 22:09:29,918 : INFO : EventManager : Event: ======'slide_ship_slide_active'====== Args={'_from_bcp': True}
2025-03-22 22:09:34,923 : INFO : EventManager : Event: ======'slide_starting_slide_removed'====== Args={'_from_bcp': True}
2025-03-22 22:09:34,924 : INFO : EventManager : Event: ======'slide_starting_slide_created'====== Args={'_from_bcp': True}
2025-03-22 22:09:34,924 : INFO : EventManager : Event: ======'slide_starting_slide_active'====== Args={'_from_bcp': True}
2025-03-22 22:09:39,916 : INFO : EventManager : Event: ======'slide_company_slide_removed'====== Args={'_from_bcp': True}
2025-03-22 22:09:39,944 : INFO : EventManager : Event: ======'slide_company_slide_created'====== Args={'_from_bcp': True}
2025-03-22 22:09:39,947 : INFO : EventManager : Event: ======'slide_company_slide_active'====== Args={'_from_bcp': True}
2025-03-22 22:09:44,968 : INFO : EventManager : Event: ======'slide_lastgame_slide_removed'====== Args={'_from_bcp': True}
2025-03-22 22:09:44,970 : INFO : EventManager : Event: ======'slide_lastgame_slide_created'====== Args={'_from_bcp': True}
2025-03-22 22:09:44,972 : INFO : EventManager : Event: ======'slide_lastgame_slide_active'====== Args={'_from_bcp': True}
2025-03-22 22:09:49,960 : INFO : EventManager : Event: ======'slide_ship_slide_removed'====== Args={'_from_bcp': True}
2025-03-22 22:09:49,964 : INFO : EventManager : Event: ======'slide_ship_slide_created'====== Args={'_from_bcp': True}
2025-03-22 22:09:49,967 : INFO : EventManager : Event: ======'slide_ship_slide_active'====== Args={'_from_bcp': True}
2025-03-22 22:09:54,977 : INFO : EventManager : Event: ======'slide_starting_slide_removed'====== Args={'_from_bcp': True}
2025-03-22 22:09:54,978 : INFO : EventManager : Event: ======'slide_starting_slide_created'====== Args={'_from_bcp': True}
2025-03-22 22:09:54,982 : INFO : EventManager : Event: ======'slide_starting_slide_active'====== Args={'_from_bcp': True}
2025-03-22 22:09:59,949 : INFO : EventManager : Event: ======'slide_company_slide_removed'====== Args={'_from_bcp': True}
2025-03-22 22:09:59,953 : INFO : EventManager : Event: ======'slide_company_slide_created'====== Args={'_from_bcp': True}
2025-03-22 22:09:59,955 : INFO : EventManager : Event: ======'slide_company_slide_active'====== Args={'_from_bcp': True}
2025-03-22 22:10:04,929 : INFO : EventManager : Event: ======'slide_lastgame_slide_removed'====== Args={'_from_bcp': True}
2025-03-22 22:10:04,970 : INFO : EventManager : Event: ======'slide_lastgame_slide_created'====== Args={'_from_bcp': True}
2025-03-22 22:10:04,973 : INFO : EventManager : Event: ======'slide_lastgame_slide_active'====== Args={'_from_bcp': True}
2025-03-22 22:10:09,967 : INFO : EventManager : Event: ======'slide_ship_slide_removed'====== Args={'_from_bcp': True}
2025-03-22 22:10:09,969 : INFO : EventManager : Event: ======'slide_ship_slide_created'====== Args={'_from_bcp': True}
2025-03-22 22:10:09,969 : INFO : EventManager : Event: ======'slide_ship_slide_active'====== Args={'_from_bcp': True}
2025-03-22 22:10:14,927 : INFO : EventManager : Event: ======'slide_starting_slide_removed'====== Args={'_from_bcp': True}
2025-03-22 22:10:14,960 : INFO : EventManager : Event: ======'slide_starting_slide_created'====== Args={'_from_bcp': True}
2025-03-22 22:10:14,965 : INFO : EventManager : Event: ======'slide_starting_slide_active'====== Args={'_from_bcp': True}
2025-03-22 22:10:19,936 : INFO : EventManager : Event: ======'slide_company_slide_removed'====== Args={'_from_bcp': True}
2025-03-22 22:10:19,937 : INFO : EventManager : Event: ======'slide_company_slide_created'====== Args={'_from_bcp': True}
2025-03-22 22:10:19,937 : INFO : EventManager : Event: ======'slide_company_slide_active'====== Args={'_from_bcp': True}
2025-03-22 22:10:24,925 : INFO : EventManager : Event: ======'slide_lastgame_slide_removed'====== Args={'_from_bcp': True}
2025-03-22 22:10:24,926 : INFO : EventManager : Event: ======'slide_lastgame_slide_created'====== Args={'_from_bcp': True}
2025-03-22 22:10:24,927 : INFO : EventManager : Event: ======'slide_lastgame_slide_active'====== Args={'_from_bcp': True}
2025-03-22 22:10:29,771 : INFO : SwitchController : <<<<<<< 's_launcher_button' active >>>>>>>
2025-03-22 22:10:29,860 : INFO : SwitchController : <<<<<<< 's_launcher_button' inactive >>>>>>>
2025-03-22 22:10:29,967 : INFO : EventManager : Event: ======'slide_ship_slide_removed'====== Args={'_from_bcp': True}
2025-03-22 22:10:29,970 : INFO : EventManager : Event: ======'slide_ship_slide_created'====== Args={'_from_bcp': True}
2025-03-22 22:10:29,971 : INFO : EventManager : Event: ======'slide_ship_slide_active'====== Args={'_from_bcp': True}
2025-03-22 22:10:30,738 : INFO : SwitchController : <<<<<<< 's_launcher_button' active >>>>>>>
2025-03-22 22:10:30,855 : INFO : SwitchController : <<<<<<< 's_launcher_button' inactive >>>>>>>
2025-03-22 22:10:31,071 : INFO : SwitchController : <<<<<<< 's_launcher_button' active >>>>>>>
2025-03-22 22:10:31,197 : INFO : SwitchController : <<<<<<< 's_launcher_button' inactive >>>>>>>
2025-03-22 22:10:34,156 : INFO : SwitchController : <<<<<<< 's_start_button' active >>>>>>>
2025-03-22 22:10:34,222 : INFO : SwitchController : <<<<<<< 's_start_button' inactive >>>>>>>
2025-03-22 22:10:34,222 : INFO : EventManager : Event: ======'request_to_start_game'====== Args={}
2025-03-22 22:10:34,223 : INFO : EventManager : Event: ======'game_start'====== Args={'buttons': [], 'hold_time': 0.07799999999406282}
2025-03-22 22:10:34,223 : INFO : EventManager : Event: ======'mode_game_will_start'====== Args={'buttons': [], 'hold_time': 0.07799999999406282}
2025-03-22 22:10:34,224 : INFO : EventManager : Event: ======'mode_game_starting'====== Args={'buttons': [], 'hold_time': 0.07799999999406282}
2025-03-22 22:10:34,224 : INFO : EventManager : Event: ======'mode_attract_will_stop'====== Args={}
2025-03-22 22:10:34,224 : INFO : EventManager : Event: ======'mode_attract_stopping'====== Args={}
2025-03-22 22:10:34,224 : INFO : Mode.attract : Stopped.
2025-03-22 22:10:34,224 : INFO : EventManager : Event: ======'modes_active_modes_changed'====== Args={}
2025-03-22 22:10:34,225 : INFO : EventManager : Event: ======'mode_attract_stopped'====== Args={}
2025-03-22 22:10:34,225 : INFO : EventManager : Event: ======'clear'====== Args={'key': 'attract'}
2025-03-22 22:10:34,226 : INFO : Mode.game : Started. Priority: 20
2025-03-22 22:10:34,226 : INFO : EventManager : Event: ======'modes_active_modes_changed'====== Args={}
2025-03-22 22:10:34,226 : INFO : EventManager : Event: ======'mode_game_started'====== Args={'buttons': [], 'hold_time': 0.07799999999406282}
2025-03-22 22:10:34,235 : INFO : EventManager : Event: ======'game_will_start'====== Args={}
2025-03-22 22:10:34,236 : INFO : EventManager : Event: ======'game_starting'====== Args={'game': <Mode.game>}
2025-03-22 22:10:34,236 : INFO : EventManager : Unordered handler for class <Auditor> on event game_ended with priority 1. Handlers: [RegisteredHandler(callback=<bound method Auditor.disable of <Auditor>>, priority=1, kwargs={}, key=UUID('efacc04b-2aee-4b5c-bee9-01f626f2ca4c'), condition=None, blocking_facility=None), RegisteredHandler(callback=<bound method Auditor._save_audits of <Auditor>>, priority=1, kwargs={}, key=UUID('fa2afb81-30df-4e92-a9c7-f11f1bc20753'), condition=None, blocking_facility=None)]. The order of those handlers is not defined and they will be executed in random order. This might lead to race conditions and potential bugs.
2025-03-22 22:10:34,236 : INFO : EventManager : Event: ======'player_add_request'====== Args={}
2025-03-22 22:10:34,236 : INFO : EventManager : Event: ======'player_will_add'====== Args={'number': 1}
2025-03-22 22:10:34,237 : INFO : EventManager : Event: ======'player_adding'====== Args={'player': <Player 1>, 'number': 1}
2025-03-22 22:10:34,237 : INFO : EventManager : Event: ======'player_added'====== Args={'player': <Player 1>, 'num': 1}
2025-03-22 22:10:34,237 : INFO : Mode.game : Player added successfully. Total players: 1
2025-03-22 22:10:34,237 : INFO : EventManager : Event: ======'player_index'====== Args={'value': 0, 'prev_value': 0, 'change': 0, 'player_num': 1}
2025-03-22 22:10:34,237 : INFO : EventManager : Event: ======'player_number'====== Args={'value': 1, 'prev_value': 1, 'change': 0, 'player_num': 1}
2025-03-22 22:10:34,237 : INFO : EventManager : Event: ======'player_score'====== Args={'value': 0, 'prev_value': 0, 'change': 0, 'player_num': 1}
2025-03-22 22:10:34,238 : INFO : EventManager : Event: ======'game_started'====== Args={}
2025-03-22 22:10:34,279 : INFO : EventManager : Event: ======'player_turn_will_start'====== Args={'player': <Player 1>, 'number': 1}
2025-03-22 22:10:34,287 : INFO : EventManager : Event: ======'slide_starting_slide_removed'====== Args={'_from_bcp': True}
2025-03-22 22:10:34,288 : INFO : EventManager : Event: ======'slide_company_slide_removed'====== Args={'_from_bcp': True}
2025-03-22 22:10:34,288 : INFO : EventManager : Event: ======'slide_lastgame_slide_removed'====== Args={'_from_bcp': True}
2025-03-22 22:10:34,289 : INFO : EventManager : Event: ======'slide_ship_slide_removed'====== Args={'_from_bcp': True}
2025-03-22 22:10:34,289 : INFO : EventManager : Event: ======'slide_welcome_slide_active'====== Args={'_from_bcp': True}
2025-03-22 22:10:34,289 : INFO : EventManager : Event: ======'player_turn_starting'====== Args={'player': <Player 1>, 'number': 1}
2025-03-22 22:10:34,289 : INFO : EventManager : Event: ======'player_ball'====== Args={'value': 1, 'prev_value': 0, 'change': 1, 'player_num': 1}
2025-03-22 22:10:34,292 : INFO : EventManager : Event: ======'player_turn_started'====== Args={'player': <Player 1>, 'number': 1}
2025-03-22 22:10:34,298 : INFO : EventManager : Event: ======'ball_will_start'====== Args={'player': 1, 'ball': 1, 'balls_remaining': 2, 'is_extra_ball': False}
2025-03-22 22:10:34,323 : INFO : EventManager : Event: ======'ball_starting'====== Args={'player': 1, 'ball': 1, 'balls_remaining': 2, 'is_extra_ball': False}
2025-03-22 22:10:34,327 : INFO : EventManager : Event: ======'balls_in_play'====== Args={'balls': 1}
2025-03-22 22:10:34,328 : INFO : EventManager : Event: ======'ball_started'====== Args={'player': 1, 'ball': 1, 'balls_remaining': 2, 'is_extra_ball': False}
2025-03-22 22:10:34,328 : INFO : EventManager : Event: ======'mode_intro_will_start'====== Args={'player': 1, 'ball': 1, 'balls_remaining': 2, 'is_extra_ball': False}
2025-03-22 22:10:34,332 : INFO : EventManager : Event: ======'mode_intro_starting'====== Args={'player': 1, 'ball': 1, 'balls_remaining': 2, 'is_extra_ball': False}
2025-03-22 22:10:34,334 : INFO : Mode.intro : Started. Priority: 200
2025-03-22 22:10:34,334 : INFO : EventManager : Event: ======'modes_active_modes_changed'====== Args={}
2025-03-22 22:10:34,335 : INFO : EventManager : Event: ======'mode_intro_started'====== Args={'player': 1, 'ball': 1, 'balls_remaining': 2, 'is_extra_ball': False}
2025-03-22 22:10:34,339 : INFO : EventManager : Event: ======'single_player_ball_started'====== Args={}
2025-03-22 22:10:34,389 : INFO : EventManager : Event: ======'ball_start_target'====== Args={'target': 'playfield'}
2025-03-22 22:10:34,390 : INFO : EventManager : Event: ======'slide_objective_slide_created'====== Args={'_from_bcp': True}
2025-03-22 22:10:34,391 : INFO : EventManager : Event: ======'slide_objective_slide_active'====== Args={'_from_bcp': True}
2025-03-22 22:10:34,391 : INFO : ball_device.bd_plunger_lane : Setting up player-controlled eject. Balls: 1, Target: <playfield.playfield>, player_controlled_eject_event: s_launcher_button_active
2025-03-22 22:10:34,392 : INFO : EventManager : Event: ======'balldevice_balls_available'====== Args={}
2025-03-22 22:10:34,394 : INFO : ball_device.bd_trough : State: waiting_for_target_ready
2025-03-22 22:10:34,395 : INFO : EventManager : Event: ======'balldevice_bd_trough_ball_eject_attempt'====== Args={'balls': 1, 'target': <ball_device.bd_plunger_lane>, 'source': <ball_device.bd_trough>, 'mechanical_eject': True, 'num_attempts': 0}
2025-03-22 22:10:34,396 : INFO : ball_device.bd_plunger_lane : State: waiting_for_ball
2025-03-22 22:10:34,396 : INFO : ball_device.bd_trough : State: ejecting
2025-03-22 22:10:34,397 : INFO : ball_device.bd_trough : Ejecting ball to <ball_device.bd_plunger_lane>
2025-03-22 22:10:34,398 : INFO : EventManager : Event: ======'balldevice_bd_trough_ejecting_ball'====== Args={'balls': 1, 'target': <ball_device.bd_plunger_lane>, 'source': <ball_device.bd_trough>, 'mechanical_eject': True, 'num_attempts': 0}
2025-03-22 22:10:34,400 : INFO : ball_device.bd_trough : Wait for ball to leave device
2025-03-22 22:10:34,400 : INFO : coil.c_trough_release : Pulsing Driver for 20ms (1.0 pulse_power)
2025-03-22 22:10:34,400 : INFO : SwitchController : <<<<<<< 's_trough1' inactive >>>>>>>
2025-03-22 22:10:34,413 : INFO : ball_device.bd_trough : State: ball_left
2025-03-22 22:10:34,414 : INFO : ball_device.bd_trough : Ball left
2025-03-22 22:10:34,414 : INFO : ball_device.bd_trough : Wait for confirm with timeout 3.0
2025-03-22 22:10:34,502 : INFO : SwitchController : <<<<<<< 's_plunger_lane' active >>>>>>>
2025-03-22 22:10:34,503 : INFO : EventManager : Event: ======'machine_var_audits_switches_s_plunger_lane'====== Args={'value': 153, 'prev_value': 152, 'change': 1}
2025-03-22 22:10:34,997 : INFO : ball_device.bd_plunger_lane : Received ball from <ball_device.bd_trough>
2025-03-22 22:10:34,998 : INFO : EventManager : Event: ======'balldevice_bd_plunger_lane_ball_enter'====== Args={'new_balls': 1, 'unclaimed_balls': 0, 'new_available_balls': 0, 'device': <ball_device.bd_plunger_lane>}
2025-03-22 22:10:35,003 : INFO : EventManager : Event: ======'balldevice_bd_plunger_lane_ball_entered'====== Args={'new_balls': 0, 'device': <ball_device.bd_plunger_lane>}
2025-03-22 22:10:35,006 : INFO : EventManager : Event: ======'balldevice_bd_plunger_lane_ball_count_changed'====== Args={'balls': 1}
2025-03-22 22:10:35,007 : INFO : ball_device.bd_trough : Got eject confirm
2025-03-22 22:10:35,007 : INFO : ball_device.bd_trough : Eject successful
2025-03-22 22:10:35,007 : INFO : EventManager : Event: ======'balldevice_bd_trough_ball_eject_success'====== Args={'balls': 1, 'target': <ball_device.bd_plunger_lane>}
2025-03-22 22:10:35,010 : INFO : EventManager : Event: ======'balldevice_bd_trough_ball_count_changed'====== Args={'balls': 2}
2025-03-22 22:10:35,010 : INFO : ball_device.bd_trough : State: idle
2025-03-22 22:10:35,013 : INFO : ball_device.bd_plunger_lane : State: waiting_for_target_ready
2025-03-22 22:10:35,014 : INFO : EventManager : Event: ======'balldevice_bd_plunger_lane_ball_eject_attempt'====== Args={'balls': 1, 'target': <playfield.playfield>, 'source': <ball_device.bd_plunger_lane>, 'mechanical_eject': True, 'num_attempts': 0}
2025-03-22 22:10:35,016 : INFO : ball_device.bd_plunger_lane : State: ejecting
2025-03-22 22:10:35,018 : INFO : ball_device.bd_plunger_lane : Ejecting ball to <playfield.playfield>
2025-03-22 22:10:35,018 : INFO : EventManager : Event: ======'balldevice_bd_plunger_lane_ejecting_ball'====== Args={'balls': 1, 'target': <playfield.playfield>, 'source': <ball_device.bd_plunger_lane>, 'mechanical_eject': True, 'num_attempts': 0}
2025-03-22 22:10:35,028 : INFO : ball_device.bd_plunger_lane : Wait for ball to leave device
2025-03-22 22:10:39,346 : INFO : EventManager : Event: ======'slide_objective_slide_removed'====== Args={'_from_bcp': True}
2025-03-22 22:10:39,361 : INFO : EventManager : Event: ======'slide_objective_slide_created'====== Args={'_from_bcp': True}
2025-03-22 22:10:39,367 : INFO : EventManager : Event: ======'slide_objective_slide_active'====== Args={'_from_bcp': True}
2025-03-22 22:10:41,390 : INFO : SwitchController : <<<<<<< 's_launcher_button' active >>>>>>>
2025-03-22 22:10:41,390 : INFO : EventManager : Event: ======'s_launcher_button_active'====== Args={}
2025-03-22 22:10:41,392 : INFO : EventManager : Event: ======'machine_var_audits_switches_s_launcher_button'====== Args={'value': 104, 'prev_value': 103, 'change': 1}
2025-03-22 22:10:41,457 : INFO : coil.c_autolauncher : Pulsing Driver for 20ms (1.0 pulse_power)
2025-03-22 22:10:41,460 : INFO : SwitchController : <<<<<<< 's_plunger_lane' inactive >>>>>>>
2025-03-22 22:10:41,486 : INFO : SwitchController : <<<<<<< 's_launcher_button' inactive >>>>>>>
2025-03-22 22:10:41,487 : INFO : ball_device.bd_plunger_lane : State: ball_left
2025-03-22 22:10:41,488 : INFO : ball_device.bd_plunger_lane : Ball left
2025-03-22 22:10:41,488 : INFO : ball_device.bd_plunger_lane : Wait for confirm with timeout 3.0
2025-03-22 22:10:41,525 : INFO : SwitchController : <<<<<<< 's_playfield_entry' active >>>>>>>
2025-03-22 22:10:41,525 : INFO : EventManager : Event: ======'sw_playfield_active'====== Args={}
2025-03-22 22:10:41,526 : INFO : EventManager : Event: ======'machine_var_audits_switches_s_playfield_entry'====== Args={'value': 206, 'prev_value': 205, 'change': 1}
2025-03-22 22:10:41,527 : INFO : EventManager : Event: ======'playfield_active'====== Args={}
2025-03-22 22:10:41,564 : INFO : SwitchController : <<<<<<< 's_playfield_entry' inactive >>>>>>>
2025-03-22 22:10:41,590 : INFO : ball_device.bd_plunger_lane : Got eject confirm
2025-03-22 22:10:41,592 : INFO : ball_device.bd_plunger_lane : Eject successful
2025-03-22 22:10:41,592 : INFO : EventManager : Event: ======'balldevice_bd_plunger_lane_ball_eject_success'====== Args={'balls': 1, 'target': <playfield.playfield>}
2025-03-22 22:10:41,598 : INFO : EventManager : Event: ======'balldevice_playfield_ball_enter'====== Args={'new_balls': 1, 'unclaimed_balls': 1, 'device': <playfield.playfield>}
2025-03-22 22:10:41,598 : INFO : EventManager : Event: ======'playfield_ball_count_change'====== Args={'balls': 1, 'change': 1}
2025-03-22 22:10:41,601 : INFO : EventManager : Event: ======'balldevice_bd_plunger_lane_ball_count_changed'====== Args={'balls': 0}
2025-03-22 22:10:41,997 : INFO : ball_device.bd_plunger_lane : State: idle
2025-03-22 22:10:44,348 : INFO : EventManager : Event: ======'slide_objective_slide_removed'====== Args={'_from_bcp': True}
2025-03-22 22:10:44,363 : INFO : EventManager : Event: ======'slide_objective_slide_created'====== Args={'_from_bcp': True}
2025-03-22 22:10:44,370 : INFO : EventManager : Event: ======'slide_objective_slide_active'====== Args={'_from_bcp': True}
2025-03-22 22:10:49,332 : INFO : EventManager : Event: ======'mode_intro_stopped'====== Args={}
2025-03-22 22:10:49,337 : INFO : EventManager : Event: ======'mode_base_will_start'====== Args={}
2025-03-22 22:10:49,338 : INFO : EventManager : Event: ======'mode_base_starting'====== Args={}
2025-03-22 22:10:49,339 : INFO : Mode.base : Started. Priority: 100
2025-03-22 22:10:49,339 : INFO : EventManager : Event: ======'modes_active_modes_changed'====== Args={}
2025-03-22 22:10:49,339 : INFO : EventManager : Event: ======'mode_base_started'====== Args={}
2025-03-22 22:10:49,340 : INFO : EventManager : Event: ======'cmd_flipper_enable'====== Args={'priority': 0}
2025-03-22 22:10:49,342 : INFO : EventManager : Event: ======'cmd_launcher_enable'====== Args={'priority': 0}
2025-03-22 22:10:49,343 : ERROR : asyncio : Exception in callback EventManager.process_event_queue()
handle: <Handle EventManager.process_event_queue()>
Traceback (most recent call last):
  File "C:\Users\duffb\.pyenv\pyenv-win\versions\3.11.0\Lib\site-packages\mpf\core\events.py", line 751, in _run_handlers
    result = handler.callback(**merged_kwargs)
             ^^^^^^^^^^^^^^^^^^^^^^^^^^^^^^^^^
  File "C:\Users\duffb\.pyenv\pyenv-win\versions\3.11.0\Lib\site-packages\mpf\devices\driver.py", line 220, in event_enable
    self.enable(pulse_ms, pulse_power, hold_power)
  File "C:\Users\duffb\.pyenv\pyenv-win\versions\3.11.0\Lib\site-packages\mpf\devices\driver.py", line 253, in enable
    raise DriverLimitsError("Cannot enable driver with hold_power 0.0")
mpf.exceptions.driver_limits_error.DriverLimitsError: Cannot enable driver with hold_power 0.0

The above exception was the direct cause of the following exception:

Traceback (most recent call last):
  File "C:\Users\duffb\.pyenv\pyenv-win\versions\3.11.0\Lib\asyncio\events.py", line 80, in _run
    self._context.run(self._callback, *self._args)
  File "C:\Users\duffb\.pyenv\pyenv-win\versions\3.11.0\Lib\site-packages\mpf\core\events.py", line 842, in process_event_queue
    self._process_event(event=event[0],
  File "C:\Users\duffb\.pyenv\pyenv-win\versions\3.11.0\Lib\site-packages\mpf\core\events.py", line 804, in _process_event
    result = self._run_handlers(event, ev_type, kwargs)
             ^^^^^^^^^^^^^^^^^^^^^^^^^^^^^^^^^^^^^^^^^^
  File "C:\Users\duffb\.pyenv\pyenv-win\versions\3.11.0\Lib\site-packages\mpf\core\events.py", line 753, in _run_handlers
    raise EventHandlerException(
mpf.core.events.EventHandlerException: Exception while processing RegisteredHandler(callback=<bound method Driver.event_enable of <coil.c_autolauncher>>, priority=3, kwargs={}, key=UUID('ab2138e6-ec39-43d6-a0b6-b8dcb08b84e6'), condition=None, blocking_facility=None) for event cmd_launcher_enable. Cannot enable driver with hold_power 0.0
2025-03-22 22:10:49,460 : INFO : EventManager : Event: ======'slide_objective_slide_removed'====== Args={'_from_bcp': True}
2025-03-22 22:10:49,461 : INFO : EventManager : Event: ======'slide_welcome_slide_active'====== Args={'_from_bcp': True}
2025-03-22 22:10:49,462 : INFO : Machine : Shutting down...
2025-03-22 22:10:49,463 : INFO : EventManager : Event: ======'shutdown'====== Args={}
2025-03-22 22:10:49,466 : INFO : EventManager : Event: ======'mode_game_will_stop'====== Args={}
2025-03-22 22:10:49,466 : INFO : EventManager : Event: ======'mode_game_stopping'====== Args={}
2025-03-22 22:10:49,468 : INFO : EventManager : Event: ======'mode_base_will_stop'====== Args={}
2025-03-22 22:10:49,468 : INFO : EventManager : Event: ======'mode_base_stopping'====== Args={}
2025-03-22 22:10:49,469 : INFO : EventManager : Event: ======'mode_intro_will_stop'====== Args={}
2025-03-22 22:10:49,470 : INFO : EventManager : Event: ======'mode_intro_stopping'====== Args={}
2025-03-22 22:10:49,470 : INFO : Mode.intro : Stopped.
2025-03-22 22:10:49,470 : INFO : EventManager : Event: ======'modes_active_modes_changed'====== Args={}
2025-03-22 22:10:49,471 : INFO : EventManager : Event: ======'mode_intro_stopped'====== Args={}
2025-03-22 22:10:49,472 : INFO : EventManager : Event: ======'clear'====== Args={'key': 'intro'}
2025-03-22 22:10:49,473 : INFO : Mode.base : Stopped.
2025-03-22 22:10:49,473 : INFO : EventManager : Event: ======'modes_active_modes_changed'====== Args={}
2025-03-22 22:10:49,473 : INFO : EventManager : Event: ======'mode_base_stopped'====== Args={}
2025-03-22 22:10:49,474 : INFO : EventManager : Event: ======'clear'====== Args={'key': 'base'}
2025-03-22 22:10:49,475 : INFO : Mode.game : Stopped.
2025-03-22 22:10:49,475 : INFO : EventManager : Event: ======'modes_active_modes_changed'====== Args={}
2025-03-22 22:10:49,476 : INFO : EventManager : Event: ======'mode_game_stopped'====== Args={}
2025-03-22 22:10:49,476 : INFO : EventManager : Event: ======'clear'====== Args={'key': 'game'}
2025-03-22 22:10:49,479 : ERROR : Machine : Runtime Exception
Traceback (most recent call last):
  File "C:\Users\duffb\.pyenv\pyenv-win\versions\3.11.0\Lib\site-packages\mpf\core\events.py", line 751, in _run_handlers
    result = handler.callback(**merged_kwargs)
             ^^^^^^^^^^^^^^^^^^^^^^^^^^^^^^^^^
  File "C:\Users\duffb\.pyenv\pyenv-win\versions\3.11.0\Lib\site-packages\mpf\devices\driver.py", line 220, in event_enable
    self.enable(pulse_ms, pulse_power, hold_power)
  File "C:\Users\duffb\.pyenv\pyenv-win\versions\3.11.0\Lib\site-packages\mpf\devices\driver.py", line 253, in enable
    raise DriverLimitsError("Cannot enable driver with hold_power 0.0")
mpf.exceptions.driver_limits_error.DriverLimitsError: Cannot enable driver with hold_power 0.0

The above exception was the direct cause of the following exception:

Traceback (most recent call last):
  File "C:\Users\duffb\.pyenv\pyenv-win\versions\3.11.0\Lib\site-packages\mpf\core\machine.py", line 794, in _run_loop
    raise self._exception['exception']
  File "C:\Users\duffb\.pyenv\pyenv-win\versions\3.11.0\Lib\asyncio\events.py", line 80, in _run
    self._context.run(self._callback, *self._args)
  File "C:\Users\duffb\.pyenv\pyenv-win\versions\3.11.0\Lib\site-packages\mpf\core\events.py", line 842, in process_event_queue
    self._process_event(event=event[0],
  File "C:\Users\duffb\.pyenv\pyenv-win\versions\3.11.0\Lib\site-packages\mpf\core\events.py", line 804, in _process_event
    result = self._run_handlers(event, ev_type, kwargs)
             ^^^^^^^^^^^^^^^^^^^^^^^^^^^^^^^^^^^^^^^^^^
  File "C:\Users\duffb\.pyenv\pyenv-win\versions\3.11.0\Lib\site-packages\mpf\core\events.py", line 753, in _run_handlers
    raise EventHandlerException(
mpf.core.events.EventHandlerException: Exception while processing RegisteredHandler(callback=<bound method Driver.event_enable of <coil.c_autolauncher>>, priority=3, kwargs={}, key=UUID('ab2138e6-ec39-43d6-a0b6-b8dcb08b84e6'), condition=None, blocking_facility=None) for event cmd_launcher_enable. Cannot enable driver with hold_power 0.0
